{"C:\\Users\\Oksana\\Desktop\\New folder (2)\\reactjs\\HW-react-movies-app\\client\\src\\index.js": {"path":"C:\\Users\\Oksana\\Desktop\\New folder (2)\\reactjs\\HW-react-movies-app\\client\\src\\index.js","statementMap":{"0":{"start":{"line":10,"column":14},"end":{"line":10,"column":68}},"1":{"start":{"line":12,"column":0},"end":{"line":19,"column":2}}},"fnMap":{},"branchMap":{},"s":{"0":0,"1":0},"f":{},"b":{}}
,"C:\\Users\\Oksana\\Desktop\\New folder (2)\\reactjs\\HW-react-movies-app\\client\\src\\actions\\async-actions.test..js": {"path":"C:\\Users\\Oksana\\Desktop\\New folder (2)\\reactjs\\HW-react-movies-app\\client\\src\\actions\\async-actions.test..js","statementMap":{"0":{"start":{"line":8,"column":20},"end":{"line":8,"column":27}},"1":{"start":{"line":9,"column":18},"end":{"line":9,"column":50}},"2":{"start":{"line":11,"column":0},"end":{"line":115,"column":3}},"3":{"start":{"line":12,"column":2},"end":{"line":14,"column":5}},"4":{"start":{"line":13,"column":4},"end":{"line":13,"column":24}},"5":{"start":{"line":16,"column":2},"end":{"line":33,"column":5}},"6":{"start":{"line":17,"column":4},"end":{"line":22,"column":7}},"7":{"start":{"line":24,"column":28},"end":{"line":27,"column":5}},"8":{"start":{"line":28,"column":18},"end":{"line":28,"column":43}},"9":{"start":{"line":30,"column":4},"end":{"line":32,"column":7}},"10":{"start":{"line":31,"column":6},"end":{"line":31,"column":58}},"11":{"start":{"line":35,"column":2},"end":{"line":47,"column":5}},"12":{"start":{"line":36,"column":4},"end":{"line":36,"column":38}},"13":{"start":{"line":38,"column":18},"end":{"line":38,"column":43}},"14":{"start":{"line":40,"column":4},"end":{"line":46,"column":5}},"15":{"start":{"line":41,"column":6},"end":{"line":41,"column":78}},"16":{"start":{"line":41,"column":58},"end":{"line":41,"column":76}},"17":{"start":{"line":43,"column":6},"end":{"line":45,"column":9}},"18":{"start":{"line":49,"column":2},"end":{"line":62,"column":5}},"19":{"start":{"line":50,"column":20},"end":{"line":50,"column":22}},"20":{"start":{"line":51,"column":4},"end":{"line":51,"column":51}},"21":{"start":{"line":53,"column":28},"end":{"line":56,"column":5}},"22":{"start":{"line":57,"column":18},"end":{"line":57,"column":43}},"23":{"start":{"line":59,"column":4},"end":{"line":61,"column":7}},"24":{"start":{"line":60,"column":6},"end":{"line":60,"column":58}},"25":{"start":{"line":64,"column":2},"end":{"line":76,"column":5}},"26":{"start":{"line":65,"column":20},"end":{"line":65,"column":22}},"27":{"start":{"line":66,"column":4},"end":{"line":66,"column":51}},"28":{"start":{"line":67,"column":18},"end":{"line":67,"column":43}},"29":{"start":{"line":69,"column":4},"end":{"line":75,"column":5}},"30":{"start":{"line":70,"column":6},"end":{"line":70,"column":81}},"31":{"start":{"line":70,"column":61},"end":{"line":70,"column":79}},"32":{"start":{"line":72,"column":6},"end":{"line":74,"column":9}},"33":{"start":{"line":78,"column":2},"end":{"line":100,"column":5}},"34":{"start":{"line":79,"column":18},"end":{"line":82,"column":5}},"35":{"start":{"line":84,"column":4},"end":{"line":89,"column":7}},"36":{"start":{"line":91,"column":28},"end":{"line":94,"column":5}},"37":{"start":{"line":95,"column":18},"end":{"line":95,"column":43}},"38":{"start":{"line":97,"column":4},"end":{"line":99,"column":7}},"39":{"start":{"line":98,"column":6},"end":{"line":98,"column":58}},"40":{"start":{"line":102,"column":2},"end":{"line":114,"column":5}},"41":{"start":{"line":103,"column":4},"end":{"line":103,"column":38}},"42":{"start":{"line":105,"column":18},"end":{"line":105,"column":43}},"43":{"start":{"line":107,"column":4},"end":{"line":113,"column":5}},"44":{"start":{"line":108,"column":6},"end":{"line":108,"column":81}},"45":{"start":{"line":108,"column":61},"end":{"line":108,"column":79}},"46":{"start":{"line":110,"column":6},"end":{"line":112,"column":9}}},"fnMap":{"0":{"name":"(anonymous_0)","decl":{"start":{"line":11,"column":26},"end":{"line":11,"column":27}},"loc":{"start":{"line":11,"column":32},"end":{"line":115,"column":1}},"line":11},"1":{"name":"(anonymous_1)","decl":{"start":{"line":12,"column":12},"end":{"line":12,"column":13}},"loc":{"start":{"line":12,"column":18},"end":{"line":14,"column":3}},"line":12},"2":{"name":"(anonymous_2)","decl":{"start":{"line":16,"column":66},"end":{"line":16,"column":67}},"loc":{"start":{"line":16,"column":72},"end":{"line":33,"column":3}},"line":16},"3":{"name":"(anonymous_3)","decl":{"start":{"line":30,"column":51},"end":{"line":30,"column":52}},"loc":{"start":{"line":30,"column":57},"end":{"line":32,"column":5}},"line":30},"4":{"name":"(anonymous_4)","decl":{"start":{"line":35,"column":67},"end":{"line":35,"column":68}},"loc":{"start":{"line":35,"column":79},"end":{"line":47,"column":3}},"line":35},"5":{"name":"(anonymous_5)","decl":{"start":{"line":41,"column":52},"end":{"line":41,"column":53}},"loc":{"start":{"line":41,"column":58},"end":{"line":41,"column":76}},"line":41},"6":{"name":"(anonymous_6)","decl":{"start":{"line":49,"column":71},"end":{"line":49,"column":72}},"loc":{"start":{"line":49,"column":77},"end":{"line":62,"column":3}},"line":49},"7":{"name":"(anonymous_7)","decl":{"start":{"line":59,"column":54},"end":{"line":59,"column":55}},"loc":{"start":{"line":59,"column":60},"end":{"line":61,"column":5}},"line":59},"8":{"name":"(anonymous_8)","decl":{"start":{"line":64,"column":69},"end":{"line":64,"column":70}},"loc":{"start":{"line":64,"column":81},"end":{"line":76,"column":3}},"line":64},"9":{"name":"(anonymous_9)","decl":{"start":{"line":70,"column":55},"end":{"line":70,"column":56}},"loc":{"start":{"line":70,"column":61},"end":{"line":70,"column":79}},"line":70},"10":{"name":"(anonymous_10)","decl":{"start":{"line":78,"column":71},"end":{"line":78,"column":72}},"loc":{"start":{"line":78,"column":77},"end":{"line":100,"column":3}},"line":78},"11":{"name":"(anonymous_11)","decl":{"start":{"line":97,"column":54},"end":{"line":97,"column":55}},"loc":{"start":{"line":97,"column":60},"end":{"line":99,"column":5}},"line":97},"12":{"name":"(anonymous_12)","decl":{"start":{"line":102,"column":69},"end":{"line":102,"column":70}},"loc":{"start":{"line":102,"column":81},"end":{"line":114,"column":3}},"line":102},"13":{"name":"(anonymous_13)","decl":{"start":{"line":108,"column":55},"end":{"line":108,"column":56}},"loc":{"start":{"line":108,"column":61},"end":{"line":108,"column":79}},"line":108}},"branchMap":{},"s":{"0":0,"1":0,"2":0,"3":0,"4":0,"5":0,"6":0,"7":0,"8":0,"9":0,"10":0,"11":0,"12":0,"13":0,"14":0,"15":0,"16":0,"17":0,"18":0,"19":0,"20":0,"21":0,"22":0,"23":0,"24":0,"25":0,"26":0,"27":0,"28":0,"29":0,"30":0,"31":0,"32":0,"33":0,"34":0,"35":0,"36":0,"37":0,"38":0,"39":0,"40":0,"41":0,"42":0,"43":0,"44":0,"45":0,"46":0},"f":{"0":0,"1":0,"2":0,"3":0,"4":0,"5":0,"6":0,"7":0,"8":0,"9":0,"10":0,"11":0,"12":0,"13":0},"b":{}}
,"C:\\Users\\Oksana\\Desktop\\New folder (2)\\reactjs\\HW-react-movies-app\\client\\src\\actions\\index.js": {"path":"C:\\Users\\Oksana\\Desktop\\New folder (2)\\reactjs\\HW-react-movies-app\\client\\src\\actions\\index.js","statementMap":{"0":{"start":{"line":3,"column":21},"end":{"line":8,"column":1}},"1":{"start":{"line":4,"column":2},"end":{"line":7,"column":4}},"2":{"start":{"line":10,"column":20},"end":{"line":15,"column":1}},"3":{"start":{"line":11,"column":2},"end":{"line":14,"column":4}},"4":{"start":{"line":17,"column":27},"end":{"line":22,"column":1}},"5":{"start":{"line":18,"column":2},"end":{"line":21,"column":4}},"6":{"start":{"line":24,"column":31},"end":{"line":29,"column":1}},"7":{"start":{"line":25,"column":2},"end":{"line":28,"column":4}},"8":{"start":{"line":31,"column":29},"end":{"line":36,"column":1}},"9":{"start":{"line":32,"column":2},"end":{"line":35,"column":4}},"10":{"start":{"line":38,"column":28},"end":{"line":42,"column":1}},"11":{"start":{"line":39,"column":2},"end":{"line":41,"column":4}},"12":{"start":{"line":44,"column":27},"end":{"line":49,"column":1}},"13":{"start":{"line":45,"column":2},"end":{"line":48,"column":4}},"14":{"start":{"line":51,"column":27},"end":{"line":56,"column":1}},"15":{"start":{"line":52,"column":2},"end":{"line":55,"column":4}},"16":{"start":{"line":58,"column":25},"end":{"line":63,"column":1}},"17":{"start":{"line":59,"column":2},"end":{"line":62,"column":4}},"18":{"start":{"line":65,"column":24},"end":{"line":70,"column":1}},"19":{"start":{"line":66,"column":2},"end":{"line":69,"column":4}},"20":{"start":{"line":72,"column":26},"end":{"line":77,"column":1}},"21":{"start":{"line":73,"column":2},"end":{"line":76,"column":4}},"22":{"start":{"line":79,"column":25},"end":{"line":84,"column":1}},"23":{"start":{"line":80,"column":2},"end":{"line":83,"column":4}},"24":{"start":{"line":86,"column":20},"end":{"line":91,"column":1}},"25":{"start":{"line":86,"column":31},"end":{"line":91,"column":1}},"26":{"start":{"line":87,"column":2},"end":{"line":90,"column":48}},"27":{"start":{"line":88,"column":20},"end":{"line":88,"column":54}},"28":{"start":{"line":89,"column":16},"end":{"line":89,"column":48}},"29":{"start":{"line":90,"column":20},"end":{"line":90,"column":46}},"30":{"start":{"line":93,"column":20},"end":{"line":98,"column":1}},"31":{"start":{"line":93,"column":28},"end":{"line":98,"column":1}},"32":{"start":{"line":94,"column":2},"end":{"line":97,"column":48}},"33":{"start":{"line":95,"column":16},"end":{"line":95,"column":48}},"34":{"start":{"line":96,"column":16},"end":{"line":96,"column":50}},"35":{"start":{"line":97,"column":20},"end":{"line":97,"column":46}},"36":{"start":{"line":100,"column":17},"end":{"line":105,"column":1}},"37":{"start":{"line":100,"column":28},"end":{"line":105,"column":1}},"38":{"start":{"line":101,"column":2},"end":{"line":104,"column":48}},"39":{"start":{"line":102,"column":20},"end":{"line":102,"column":51}},"40":{"start":{"line":103,"column":16},"end":{"line":103,"column":47}},"41":{"start":{"line":104,"column":20},"end":{"line":104,"column":46}},"42":{"start":{"line":107,"column":19},"end":{"line":111,"column":1}},"43":{"start":{"line":107,"column":27},"end":{"line":111,"column":1}},"44":{"start":{"line":108,"column":2},"end":{"line":110,"column":48}},"45":{"start":{"line":109,"column":20},"end":{"line":109,"column":53}},"46":{"start":{"line":110,"column":20},"end":{"line":110,"column":46}},"47":{"start":{"line":113,"column":19},"end":{"line":117,"column":1}},"48":{"start":{"line":113,"column":44},"end":{"line":117,"column":1}},"49":{"start":{"line":114,"column":2},"end":{"line":116,"column":48}},"50":{"start":{"line":115,"column":20},"end":{"line":115,"column":48}},"51":{"start":{"line":116,"column":20},"end":{"line":116,"column":46}},"52":{"start":{"line":119,"column":21},"end":{"line":123,"column":1}},"53":{"start":{"line":119,"column":45},"end":{"line":123,"column":1}},"54":{"start":{"line":120,"column":2},"end":{"line":122,"column":48}},"55":{"start":{"line":121,"column":20},"end":{"line":121,"column":48}},"56":{"start":{"line":122,"column":20},"end":{"line":122,"column":46}},"57":{"start":{"line":125,"column":17},"end":{"line":129,"column":1}},"58":{"start":{"line":125,"column":28},"end":{"line":129,"column":1}},"59":{"start":{"line":126,"column":2},"end":{"line":128,"column":48}},"60":{"start":{"line":127,"column":20},"end":{"line":127,"column":48}},"61":{"start":{"line":128,"column":20},"end":{"line":128,"column":46}}},"fnMap":{"0":{"name":"(anonymous_0)","decl":{"start":{"line":3,"column":21},"end":{"line":3,"column":22}},"loc":{"start":{"line":3,"column":36},"end":{"line":8,"column":1}},"line":3},"1":{"name":"(anonymous_1)","decl":{"start":{"line":10,"column":20},"end":{"line":10,"column":21}},"loc":{"start":{"line":10,"column":31},"end":{"line":15,"column":1}},"line":10},"2":{"name":"(anonymous_2)","decl":{"start":{"line":17,"column":27},"end":{"line":17,"column":28}},"loc":{"start":{"line":17,"column":35},"end":{"line":22,"column":1}},"line":17},"3":{"name":"(anonymous_3)","decl":{"start":{"line":24,"column":31},"end":{"line":24,"column":32}},"loc":{"start":{"line":24,"column":42},"end":{"line":29,"column":1}},"line":24},"4":{"name":"(anonymous_4)","decl":{"start":{"line":31,"column":29},"end":{"line":31,"column":30}},"loc":{"start":{"line":31,"column":40},"end":{"line":36,"column":1}},"line":31},"5":{"name":"(anonymous_5)","decl":{"start":{"line":38,"column":28},"end":{"line":38,"column":29}},"loc":{"start":{"line":38,"column":34},"end":{"line":42,"column":1}},"line":38},"6":{"name":"(anonymous_6)","decl":{"start":{"line":44,"column":27},"end":{"line":44,"column":28}},"loc":{"start":{"line":44,"column":38},"end":{"line":49,"column":1}},"line":44},"7":{"name":"(anonymous_7)","decl":{"start":{"line":51,"column":27},"end":{"line":51,"column":28}},"loc":{"start":{"line":51,"column":35},"end":{"line":56,"column":1}},"line":51},"8":{"name":"(anonymous_8)","decl":{"start":{"line":58,"column":25},"end":{"line":58,"column":26}},"loc":{"start":{"line":58,"column":36},"end":{"line":63,"column":1}},"line":58},"9":{"name":"(anonymous_9)","decl":{"start":{"line":65,"column":24},"end":{"line":65,"column":25}},"loc":{"start":{"line":65,"column":35},"end":{"line":70,"column":1}},"line":65},"10":{"name":"(anonymous_10)","decl":{"start":{"line":72,"column":26},"end":{"line":72,"column":27}},"loc":{"start":{"line":72,"column":37},"end":{"line":77,"column":1}},"line":72},"11":{"name":"(anonymous_11)","decl":{"start":{"line":79,"column":25},"end":{"line":79,"column":26}},"loc":{"start":{"line":79,"column":37},"end":{"line":84,"column":1}},"line":79},"12":{"name":"(anonymous_12)","decl":{"start":{"line":86,"column":20},"end":{"line":86,"column":21}},"loc":{"start":{"line":86,"column":31},"end":{"line":91,"column":1}},"line":86},"13":{"name":"(anonymous_13)","decl":{"start":{"line":86,"column":31},"end":{"line":86,"column":32}},"loc":{"start":{"line":86,"column":45},"end":{"line":91,"column":1}},"line":86},"14":{"name":"(anonymous_14)","decl":{"start":{"line":88,"column":10},"end":{"line":88,"column":11}},"loc":{"start":{"line":88,"column":20},"end":{"line":88,"column":54}},"line":88},"15":{"name":"(anonymous_15)","decl":{"start":{"line":89,"column":10},"end":{"line":89,"column":11}},"loc":{"start":{"line":89,"column":16},"end":{"line":89,"column":48}},"line":89},"16":{"name":"(anonymous_16)","decl":{"start":{"line":90,"column":11},"end":{"line":90,"column":12}},"loc":{"start":{"line":90,"column":20},"end":{"line":90,"column":46}},"line":90},"17":{"name":"(anonymous_17)","decl":{"start":{"line":93,"column":20},"end":{"line":93,"column":21}},"loc":{"start":{"line":93,"column":28},"end":{"line":98,"column":1}},"line":93},"18":{"name":"(anonymous_18)","decl":{"start":{"line":93,"column":28},"end":{"line":93,"column":29}},"loc":{"start":{"line":93,"column":42},"end":{"line":98,"column":1}},"line":93},"19":{"name":"(anonymous_19)","decl":{"start":{"line":95,"column":10},"end":{"line":95,"column":11}},"loc":{"start":{"line":95,"column":16},"end":{"line":95,"column":48}},"line":95},"20":{"name":"(anonymous_20)","decl":{"start":{"line":96,"column":10},"end":{"line":96,"column":11}},"loc":{"start":{"line":96,"column":16},"end":{"line":96,"column":50}},"line":96},"21":{"name":"(anonymous_21)","decl":{"start":{"line":97,"column":11},"end":{"line":97,"column":12}},"loc":{"start":{"line":97,"column":20},"end":{"line":97,"column":46}},"line":97},"22":{"name":"(anonymous_22)","decl":{"start":{"line":100,"column":17},"end":{"line":100,"column":18}},"loc":{"start":{"line":100,"column":28},"end":{"line":105,"column":1}},"line":100},"23":{"name":"(anonymous_23)","decl":{"start":{"line":100,"column":28},"end":{"line":100,"column":29}},"loc":{"start":{"line":100,"column":42},"end":{"line":105,"column":1}},"line":100},"24":{"name":"(anonymous_24)","decl":{"start":{"line":102,"column":10},"end":{"line":102,"column":11}},"loc":{"start":{"line":102,"column":20},"end":{"line":102,"column":51}},"line":102},"25":{"name":"(anonymous_25)","decl":{"start":{"line":103,"column":10},"end":{"line":103,"column":11}},"loc":{"start":{"line":103,"column":16},"end":{"line":103,"column":47}},"line":103},"26":{"name":"(anonymous_26)","decl":{"start":{"line":104,"column":11},"end":{"line":104,"column":12}},"loc":{"start":{"line":104,"column":20},"end":{"line":104,"column":46}},"line":104},"27":{"name":"(anonymous_27)","decl":{"start":{"line":107,"column":19},"end":{"line":107,"column":20}},"loc":{"start":{"line":107,"column":27},"end":{"line":111,"column":1}},"line":107},"28":{"name":"(anonymous_28)","decl":{"start":{"line":107,"column":27},"end":{"line":107,"column":28}},"loc":{"start":{"line":107,"column":41},"end":{"line":111,"column":1}},"line":107},"29":{"name":"(anonymous_29)","decl":{"start":{"line":109,"column":10},"end":{"line":109,"column":11}},"loc":{"start":{"line":109,"column":20},"end":{"line":109,"column":53}},"line":109},"30":{"name":"(anonymous_30)","decl":{"start":{"line":110,"column":11},"end":{"line":110,"column":12}},"loc":{"start":{"line":110,"column":20},"end":{"line":110,"column":46}},"line":110},"31":{"name":"(anonymous_31)","decl":{"start":{"line":113,"column":19},"end":{"line":113,"column":20}},"loc":{"start":{"line":113,"column":44},"end":{"line":117,"column":1}},"line":113},"32":{"name":"(anonymous_32)","decl":{"start":{"line":113,"column":44},"end":{"line":113,"column":45}},"loc":{"start":{"line":113,"column":58},"end":{"line":117,"column":1}},"line":113},"33":{"name":"(anonymous_33)","decl":{"start":{"line":115,"column":10},"end":{"line":115,"column":11}},"loc":{"start":{"line":115,"column":20},"end":{"line":115,"column":48}},"line":115},"34":{"name":"(anonymous_34)","decl":{"start":{"line":116,"column":11},"end":{"line":116,"column":12}},"loc":{"start":{"line":116,"column":20},"end":{"line":116,"column":46}},"line":116},"35":{"name":"(anonymous_35)","decl":{"start":{"line":119,"column":21},"end":{"line":119,"column":22}},"loc":{"start":{"line":119,"column":45},"end":{"line":123,"column":1}},"line":119},"36":{"name":"(anonymous_36)","decl":{"start":{"line":119,"column":45},"end":{"line":119,"column":46}},"loc":{"start":{"line":119,"column":59},"end":{"line":123,"column":1}},"line":119},"37":{"name":"(anonymous_37)","decl":{"start":{"line":121,"column":10},"end":{"line":121,"column":11}},"loc":{"start":{"line":121,"column":20},"end":{"line":121,"column":48}},"line":121},"38":{"name":"(anonymous_38)","decl":{"start":{"line":122,"column":11},"end":{"line":122,"column":12}},"loc":{"start":{"line":122,"column":20},"end":{"line":122,"column":46}},"line":122},"39":{"name":"(anonymous_39)","decl":{"start":{"line":125,"column":17},"end":{"line":125,"column":18}},"loc":{"start":{"line":125,"column":28},"end":{"line":129,"column":1}},"line":125},"40":{"name":"(anonymous_40)","decl":{"start":{"line":125,"column":28},"end":{"line":125,"column":29}},"loc":{"start":{"line":125,"column":42},"end":{"line":129,"column":1}},"line":125},"41":{"name":"(anonymous_41)","decl":{"start":{"line":127,"column":10},"end":{"line":127,"column":11}},"loc":{"start":{"line":127,"column":20},"end":{"line":127,"column":48}},"line":127},"42":{"name":"(anonymous_42)","decl":{"start":{"line":128,"column":11},"end":{"line":128,"column":12}},"loc":{"start":{"line":128,"column":20},"end":{"line":128,"column":46}},"line":128}},"branchMap":{},"s":{"0":2,"1":0,"2":2,"3":1,"4":2,"5":0,"6":2,"7":0,"8":2,"9":0,"10":2,"11":4,"12":2,"13":0,"14":2,"15":0,"16":2,"17":1,"18":2,"19":0,"20":2,"21":0,"22":2,"23":1,"24":2,"25":0,"26":0,"27":0,"28":0,"29":0,"30":2,"31":0,"32":0,"33":0,"34":0,"35":0,"36":2,"37":2,"38":1,"39":0,"40":0,"41":1,"42":2,"43":0,"44":0,"45":0,"46":0,"47":2,"48":0,"49":0,"50":0,"51":0,"52":2,"53":0,"54":0,"55":0,"56":0,"57":2,"58":0,"59":0,"60":0,"61":0},"f":{"0":0,"1":1,"2":0,"3":0,"4":0,"5":4,"6":0,"7":0,"8":1,"9":0,"10":0,"11":1,"12":0,"13":0,"14":0,"15":0,"16":0,"17":0,"18":0,"19":0,"20":0,"21":0,"22":2,"23":1,"24":0,"25":0,"26":1,"27":0,"28":0,"29":0,"30":0,"31":0,"32":0,"33":0,"34":0,"35":0,"36":0,"37":0,"38":0,"39":0,"40":0,"41":0,"42":0},"b":{},"_coverageSchema":"1a1c01bbd47fc00a2c39e90264f33305004495a9","hash":"741663ef42e2fc5adeed88082fd6d1b794d57fdf"}
,"C:\\Users\\Oksana\\Desktop\\New folder (2)\\reactjs\\HW-react-movies-app\\client\\src\\components\\add-movie-form\\AddMovieForm.js": {"path":"C:\\Users\\Oksana\\Desktop\\New folder (2)\\reactjs\\HW-react-movies-app\\client\\src\\components\\add-movie-form\\AddMovieForm.js","statementMap":{"0":{"start":{"line":9,"column":21},"end":{"line":109,"column":1}},"1":{"start":{"line":10,"column":2},"end":{"line":108,"column":4}},"2":{"start":{"line":22,"column":8},"end":{"line":22,"column":33}},"3":{"start":{"line":22,"column":14},"end":{"line":22,"column":32}},"4":{"start":{"line":23,"column":8},"end":{"line":23,"column":28}},"5":{"start":{"line":34,"column":8},"end":{"line":105,"column":15}},"6":{"start":{"line":41,"column":31},"end":{"line":41,"column":58}},"7":{"start":{"line":53,"column":30},"end":{"line":53,"column":67}},"8":{"start":{"line":55,"column":18},"end":{"line":55,"column":59}},"9":{"start":{"line":76,"column":30},"end":{"line":76,"column":61}},"10":{"start":{"line":77,"column":38},"end":{"line":77,"column":69}}},"fnMap":{"0":{"name":"(anonymous_0)","decl":{"start":{"line":9,"column":21},"end":{"line":9,"column":22}},"loc":{"start":{"line":9,"column":39},"end":{"line":109,"column":1}},"line":9},"1":{"name":"(anonymous_1)","decl":{"start":{"line":21,"column":16},"end":{"line":21,"column":17}},"loc":{"start":{"line":21,"column":37},"end":{"line":24,"column":7}},"line":21},"2":{"name":"(anonymous_2)","decl":{"start":{"line":22,"column":8},"end":{"line":22,"column":9}},"loc":{"start":{"line":22,"column":14},"end":{"line":22,"column":32}},"line":22},"3":{"name":"(anonymous_3)","decl":{"start":{"line":26,"column":7},"end":{"line":26,"column":8}},"loc":{"start":{"line":34,"column":8},"end":{"line":105,"column":15}},"line":34},"4":{"name":"(anonymous_4)","decl":{"start":{"line":41,"column":22},"end":{"line":41,"column":23}},"loc":{"start":{"line":41,"column":31},"end":{"line":41,"column":58}},"line":41},"5":{"name":"(anonymous_5)","decl":{"start":{"line":53,"column":24},"end":{"line":53,"column":25}},"loc":{"start":{"line":53,"column":30},"end":{"line":53,"column":67}},"line":53},"6":{"name":"(anonymous_6)","decl":{"start":{"line":54,"column":26},"end":{"line":54,"column":27}},"loc":{"start":{"line":55,"column":18},"end":{"line":55,"column":59}},"line":55},"7":{"name":"(anonymous_7)","decl":{"start":{"line":76,"column":24},"end":{"line":76,"column":25}},"loc":{"start":{"line":76,"column":30},"end":{"line":76,"column":61}},"line":76},"8":{"name":"(anonymous_8)","decl":{"start":{"line":77,"column":26},"end":{"line":77,"column":27}},"loc":{"start":{"line":77,"column":38},"end":{"line":77,"column":69}},"line":77}},"branchMap":{"0":{"loc":{"start":{"line":44,"column":13},"end":{"line":46,"column":20}},"type":"cond-expr","locations":[{"start":{"line":45,"column":14},"end":{"line":45,"column":70}},{"start":{"line":46,"column":16},"end":{"line":46,"column":20}}],"line":44},"1":{"loc":{"start":{"line":44,"column":13},"end":{"line":44,"column":56}},"type":"binary-expr","locations":[{"start":{"line":44,"column":13},"end":{"line":44,"column":32}},{"start":{"line":44,"column":36},"end":{"line":44,"column":56}}],"line":44},"2":{"loc":{"start":{"line":67,"column":13},"end":{"line":69,"column":20}},"type":"cond-expr","locations":[{"start":{"line":68,"column":14},"end":{"line":68,"column":64}},{"start":{"line":69,"column":16},"end":{"line":69,"column":20}}],"line":67},"3":{"loc":{"start":{"line":67,"column":13},"end":{"line":67,"column":44}},"type":"binary-expr","locations":[{"start":{"line":67,"column":13},"end":{"line":67,"column":26}},{"start":{"line":67,"column":30},"end":{"line":67,"column":44}}],"line":67}},"s":{"0":2,"1":3,"2":0,"3":0,"4":0,"5":7,"6":0,"7":0,"8":0,"9":0,"10":0},"f":{"0":3,"1":0,"2":0,"3":7,"4":0,"5":0,"6":0,"7":0,"8":0},"b":{"0":[0,7],"1":[7,0],"2":[0,7],"3":[7,0]},"_coverageSchema":"1a1c01bbd47fc00a2c39e90264f33305004495a9","hash":"6824c093dc72f2f1637afa6cee96252d3b73b432"}
,"C:\\Users\\Oksana\\Desktop\\New folder (2)\\reactjs\\HW-react-movies-app\\client\\src\\components\\add-movie-form\\index.js": {"path":"C:\\Users\\Oksana\\Desktop\\New folder (2)\\reactjs\\HW-react-movies-app\\client\\src\\components\\add-movie-form\\index.js","statementMap":{},"fnMap":{},"branchMap":{},"s":{},"f":{},"b":{},"_coverageSchema":"1a1c01bbd47fc00a2c39e90264f33305004495a9","hash":"138db307741cce60e2b352c5de788ee8e435e49f"}
,"C:\\Users\\Oksana\\Desktop\\New folder (2)\\reactjs\\HW-react-movies-app\\client\\src\\components\\app\\App.js": {"path":"C:\\Users\\Oksana\\Desktop\\New folder (2)\\reactjs\\HW-react-movies-app\\client\\src\\components\\app\\App.js","statementMap":{"0":{"start":{"line":11,"column":12},"end":{"line":36,"column":1}},"1":{"start":{"line":12,"column":2},"end":{"line":35,"column":4}}},"fnMap":{"0":{"name":"(anonymous_0)","decl":{"start":{"line":11,"column":12},"end":{"line":11,"column":13}},"loc":{"start":{"line":11,"column":18},"end":{"line":36,"column":1}},"line":11}},"branchMap":{},"s":{"0":0,"1":0},"f":{"0":0},"b":{}}
,"C:\\Users\\Oksana\\Desktop\\New folder (2)\\reactjs\\HW-react-movies-app\\client\\src\\components\\app\\index.js": {"path":"C:\\Users\\Oksana\\Desktop\\New folder (2)\\reactjs\\HW-react-movies-app\\client\\src\\components\\app\\index.js","statementMap":{},"fnMap":{},"branchMap":{},"s":{},"f":{},"b":{}}
,"C:\\Users\\Oksana\\Desktop\\New folder (2)\\reactjs\\HW-react-movies-app\\client\\src\\components\\delete-movie-dialog\\DeleteMovieDialog;.js": {"path":"C:\\Users\\Oksana\\Desktop\\New folder (2)\\reactjs\\HW-react-movies-app\\client\\src\\components\\delete-movie-dialog\\DeleteMovieDialog;.js","statementMap":{"0":{"start":{"line":8,"column":26},"end":{"line":29,"column":1}},"1":{"start":{"line":9,"column":19},"end":{"line":9,"column":32}},"2":{"start":{"line":10,"column":20},"end":{"line":15,"column":3}},"3":{"start":{"line":11,"column":16},"end":{"line":13,"column":5}},"4":{"start":{"line":17,"column":2},"end":{"line":28,"column":4}},"5":{"start":{"line":22,"column":23},"end":{"line":22,"column":54}}},"fnMap":{"0":{"name":"(anonymous_0)","decl":{"start":{"line":8,"column":26},"end":{"line":8,"column":27}},"loc":{"start":{"line":8,"column":32},"end":{"line":29,"column":1}},"line":8},"1":{"name":"(anonymous_1)","decl":{"start":{"line":11,"column":4},"end":{"line":11,"column":5}},"loc":{"start":{"line":11,"column":16},"end":{"line":13,"column":5}},"line":11},"2":{"name":"(anonymous_2)","decl":{"start":{"line":22,"column":17},"end":{"line":22,"column":18}},"loc":{"start":{"line":22,"column":23},"end":{"line":22,"column":54}},"line":22}},"branchMap":{},"s":{"0":0,"1":0,"2":0,"3":0,"4":0,"5":0},"f":{"0":0,"1":0,"2":0},"b":{}}
,"C:\\Users\\Oksana\\Desktop\\New folder (2)\\reactjs\\HW-react-movies-app\\client\\src\\components\\delete-movie-dialog\\index.js": {"path":"C:\\Users\\Oksana\\Desktop\\New folder (2)\\reactjs\\HW-react-movies-app\\client\\src\\components\\delete-movie-dialog\\index.js","statementMap":{},"fnMap":{},"branchMap":{},"s":{},"f":{},"b":{}}
,"C:\\Users\\Oksana\\Desktop\\New folder (2)\\reactjs\\HW-react-movies-app\\client\\src\\components\\edit-movie-form\\EditMovieForm.js": {"path":"C:\\Users\\Oksana\\Desktop\\New folder (2)\\reactjs\\HW-react-movies-app\\client\\src\\components\\edit-movie-form\\EditMovieForm.js","statementMap":{"0":{"start":{"line":12,"column":22},"end":{"line":102,"column":1}},"1":{"start":{"line":13,"column":19},"end":{"line":13,"column":32}},"2":{"start":{"line":14,"column":20},"end":{"line":19,"column":3}},"3":{"start":{"line":15,"column":16},"end":{"line":17,"column":5}},"4":{"start":{"line":20,"column":2},"end":{"line":101,"column":4}},"5":{"start":{"line":33,"column":8},"end":{"line":33,"column":38}},"6":{"start":{"line":34,"column":8},"end":{"line":34,"column":28}},"7":{"start":{"line":46,"column":8},"end":{"line":98,"column":15}},"8":{"start":{"line":64,"column":18},"end":{"line":64,"column":59}},"9":{"start":{"line":79,"column":30},"end":{"line":79,"column":61}},"10":{"start":{"line":80,"column":38},"end":{"line":80,"column":69}}},"fnMap":{"0":{"name":"(anonymous_0)","decl":{"start":{"line":12,"column":22},"end":{"line":12,"column":23}},"loc":{"start":{"line":12,"column":28},"end":{"line":102,"column":1}},"line":12},"1":{"name":"(anonymous_1)","decl":{"start":{"line":15,"column":4},"end":{"line":15,"column":5}},"loc":{"start":{"line":15,"column":16},"end":{"line":17,"column":5}},"line":15},"2":{"name":"(anonymous_2)","decl":{"start":{"line":32,"column":16},"end":{"line":32,"column":17}},"loc":{"start":{"line":32,"column":37},"end":{"line":35,"column":7}},"line":32},"3":{"name":"(anonymous_3)","decl":{"start":{"line":38,"column":7},"end":{"line":38,"column":8}},"loc":{"start":{"line":46,"column":8},"end":{"line":98,"column":15}},"line":46},"4":{"name":"(anonymous_4)","decl":{"start":{"line":63,"column":26},"end":{"line":63,"column":27}},"loc":{"start":{"line":64,"column":18},"end":{"line":64,"column":59}},"line":64},"5":{"name":"(anonymous_5)","decl":{"start":{"line":79,"column":24},"end":{"line":79,"column":25}},"loc":{"start":{"line":79,"column":30},"end":{"line":79,"column":61}},"line":79},"6":{"name":"(anonymous_6)","decl":{"start":{"line":80,"column":26},"end":{"line":80,"column":27}},"loc":{"start":{"line":80,"column":38},"end":{"line":80,"column":69}},"line":80}},"branchMap":{"0":{"loc":{"start":{"line":28,"column":16},"end":{"line":28,"column":34}},"type":"binary-expr","locations":[{"start":{"line":28,"column":16},"end":{"line":28,"column":28}},{"start":{"line":28,"column":32},"end":{"line":28,"column":34}}],"line":28},"1":{"loc":{"start":{"line":55,"column":13},"end":{"line":57,"column":20}},"type":"cond-expr","locations":[{"start":{"line":56,"column":14},"end":{"line":56,"column":70}},{"start":{"line":57,"column":16},"end":{"line":57,"column":20}}],"line":55},"2":{"loc":{"start":{"line":55,"column":13},"end":{"line":55,"column":56}},"type":"binary-expr","locations":[{"start":{"line":55,"column":13},"end":{"line":55,"column":32}},{"start":{"line":55,"column":36},"end":{"line":55,"column":56}}],"line":55},"3":{"loc":{"start":{"line":71,"column":13},"end":{"line":73,"column":20}},"type":"cond-expr","locations":[{"start":{"line":72,"column":14},"end":{"line":72,"column":64}},{"start":{"line":73,"column":16},"end":{"line":73,"column":20}}],"line":71},"4":{"loc":{"start":{"line":71,"column":13},"end":{"line":71,"column":44}},"type":"binary-expr","locations":[{"start":{"line":71,"column":13},"end":{"line":71,"column":26}},{"start":{"line":71,"column":30},"end":{"line":71,"column":44}}],"line":71}},"s":{"0":0,"1":0,"2":0,"3":0,"4":0,"5":0,"6":0,"7":0,"8":0,"9":0,"10":0},"f":{"0":0,"1":0,"2":0,"3":0,"4":0,"5":0,"6":0},"b":{"0":[0,0],"1":[0,0],"2":[0,0],"3":[0,0],"4":[0,0]}}
,"C:\\Users\\Oksana\\Desktop\\New folder (2)\\reactjs\\HW-react-movies-app\\client\\src\\components\\edit-movie-form\\index.js": {"path":"C:\\Users\\Oksana\\Desktop\\New folder (2)\\reactjs\\HW-react-movies-app\\client\\src\\components\\edit-movie-form\\index.js","statementMap":{},"fnMap":{},"branchMap":{},"s":{},"f":{},"b":{}}
,"C:\\Users\\Oksana\\Desktop\\New folder (2)\\reactjs\\HW-react-movies-app\\client\\src\\components\\empy-search-result\\EmptySearchResult.js": {"path":"C:\\Users\\Oksana\\Desktop\\New folder (2)\\reactjs\\HW-react-movies-app\\client\\src\\components\\empy-search-result\\EmptySearchResult.js","statementMap":{"0":{"start":{"line":5,"column":26},"end":{"line":7,"column":1}},"1":{"start":{"line":6,"column":2},"end":{"line":6,"column":67}}},"fnMap":{"0":{"name":"(anonymous_0)","decl":{"start":{"line":5,"column":26},"end":{"line":5,"column":27}},"loc":{"start":{"line":5,"column":32},"end":{"line":7,"column":1}},"line":5}},"branchMap":{},"s":{"0":0,"1":0},"f":{"0":0},"b":{}}
,"C:\\Users\\Oksana\\Desktop\\New folder (2)\\reactjs\\HW-react-movies-app\\client\\src\\components\\empy-search-result\\index.js": {"path":"C:\\Users\\Oksana\\Desktop\\New folder (2)\\reactjs\\HW-react-movies-app\\client\\src\\components\\empy-search-result\\index.js","statementMap":{},"fnMap":{},"branchMap":{},"s":{},"f":{},"b":{}}
,"C:\\Users\\Oksana\\Desktop\\New folder (2)\\reactjs\\HW-react-movies-app\\client\\src\\components\\error-indicator\\ErrorIndicator.js": {"path":"C:\\Users\\Oksana\\Desktop\\New folder (2)\\reactjs\\HW-react-movies-app\\client\\src\\components\\error-indicator\\ErrorIndicator.js","statementMap":{"0":{"start":{"line":3,"column":23},"end":{"line":5,"column":1}},"1":{"start":{"line":4,"column":2},"end":{"line":4,"column":27}}},"fnMap":{"0":{"name":"(anonymous_0)","decl":{"start":{"line":3,"column":23},"end":{"line":3,"column":24}},"loc":{"start":{"line":3,"column":29},"end":{"line":5,"column":1}},"line":3}},"branchMap":{},"s":{"0":0,"1":0},"f":{"0":0},"b":{}}
,"C:\\Users\\Oksana\\Desktop\\New folder (2)\\reactjs\\HW-react-movies-app\\client\\src\\components\\error-indicator\\index.js": {"path":"C:\\Users\\Oksana\\Desktop\\New folder (2)\\reactjs\\HW-react-movies-app\\client\\src\\components\\error-indicator\\index.js","statementMap":{},"fnMap":{},"branchMap":{},"s":{},"f":{},"b":{}}
,"C:\\Users\\Oksana\\Desktop\\New folder (2)\\reactjs\\HW-react-movies-app\\client\\src\\components\\filtering\\Filtering.js": {"path":"C:\\Users\\Oksana\\Desktop\\New folder (2)\\reactjs\\HW-react-movies-app\\client\\src\\components\\filtering\\Filtering.js","statementMap":{"0":{"start":{"line":6,"column":18},"end":{"line":24,"column":1}},"1":{"start":{"line":7,"column":2},"end":{"line":23,"column":4}},"2":{"start":{"line":11,"column":10},"end":{"line":11,"column":73}},"3":{"start":{"line":12,"column":8},"end":{"line":20,"column":10}},"4":{"start":{"line":16,"column":27},"end":{"line":16,"column":44}},"5":{"start":{"line":26,"column":0},"end":{"line":30,"column":2}}},"fnMap":{"0":{"name":"(anonymous_0)","decl":{"start":{"line":6,"column":18},"end":{"line":6,"column":19}},"loc":{"start":{"line":6,"column":61},"end":{"line":24,"column":1}},"line":6},"1":{"name":"(anonymous_1)","decl":{"start":{"line":9,"column":17},"end":{"line":9,"column":18}},"loc":{"start":{"line":9,"column":27},"end":{"line":21,"column":7}},"line":9},"2":{"name":"(anonymous_2)","decl":{"start":{"line":16,"column":21},"end":{"line":16,"column":22}},"loc":{"start":{"line":16,"column":27},"end":{"line":16,"column":44}},"line":16}},"branchMap":{"0":{"loc":{"start":{"line":11,"column":10},"end":{"line":11,"column":73}},"type":"cond-expr","locations":[{"start":{"line":11,"column":46},"end":{"line":11,"column":68}},{"start":{"line":11,"column":71},"end":{"line":11,"column":73}}],"line":11},"1":{"loc":{"start":{"line":11,"column":20},"end":{"line":11,"column":42}},"type":"binary-expr","locations":[{"start":{"line":11,"column":20},"end":{"line":11,"column":33}},{"start":{"line":11,"column":37},"end":{"line":11,"column":42}}],"line":11}},"s":{"0":0,"1":0,"2":0,"3":0,"4":0,"5":0},"f":{"0":0,"1":0,"2":0},"b":{"0":[0,0],"1":[0,0]}}
,"C:\\Users\\Oksana\\Desktop\\New folder (2)\\reactjs\\HW-react-movies-app\\client\\src\\components\\filtering\\index.js": {"path":"C:\\Users\\Oksana\\Desktop\\New folder (2)\\reactjs\\HW-react-movies-app\\client\\src\\components\\filtering\\index.js","statementMap":{},"fnMap":{},"branchMap":{},"s":{},"f":{},"b":{}}
,"C:\\Users\\Oksana\\Desktop\\New folder (2)\\reactjs\\HW-react-movies-app\\client\\src\\components\\form-field\\FormField.js": {"path":"C:\\Users\\Oksana\\Desktop\\New folder (2)\\reactjs\\HW-react-movies-app\\client\\src\\components\\form-field\\FormField.js","statementMap":{"0":{"start":{"line":5,"column":18},"end":{"line":18,"column":1}},"1":{"start":{"line":6,"column":24},"end":{"line":6,"column":39}},"2":{"start":{"line":7,"column":2},"end":{"line":17,"column":4}},"3":{"start":{"line":20,"column":0},"end":{"line":22,"column":2}}},"fnMap":{"0":{"name":"(anonymous_0)","decl":{"start":{"line":5,"column":18},"end":{"line":5,"column":19}},"loc":{"start":{"line":5,"column":43},"end":{"line":18,"column":1}},"line":5}},"branchMap":{"0":{"loc":{"start":{"line":9,"column":7},"end":{"line":11,"column":14}},"type":"cond-expr","locations":[{"start":{"line":10,"column":8},"end":{"line":10,"column":55}},{"start":{"line":11,"column":10},"end":{"line":11,"column":14}}],"line":9},"1":{"loc":{"start":{"line":9,"column":7},"end":{"line":9,"column":33}},"type":"binary-expr","locations":[{"start":{"line":9,"column":7},"end":{"line":9,"column":19}},{"start":{"line":9,"column":23},"end":{"line":9,"column":33}}],"line":9}},"s":{"0":2,"1":0,"2":0,"3":2},"f":{"0":0},"b":{"0":[0,0],"1":[0,0]},"_coverageSchema":"1a1c01bbd47fc00a2c39e90264f33305004495a9","hash":"7e4e5754d574f81a8e8b4a3a5636809661551ada"}
,"C:\\Users\\Oksana\\Desktop\\New folder (2)\\reactjs\\HW-react-movies-app\\client\\src\\components\\form-field\\index.js": {"path":"C:\\Users\\Oksana\\Desktop\\New folder (2)\\reactjs\\HW-react-movies-app\\client\\src\\components\\form-field\\index.js","statementMap":{},"fnMap":{},"branchMap":{},"s":{},"f":{},"b":{},"_coverageSchema":"1a1c01bbd47fc00a2c39e90264f33305004495a9","hash":"9cf3c7ad66f390b071f0e2421bac28479d53c55b"}
,"C:\\Users\\Oksana\\Desktop\\New folder (2)\\reactjs\\HW-react-movies-app\\client\\src\\components\\home-page-header\\HomePageHeader.js": {"path":"C:\\Users\\Oksana\\Desktop\\New folder (2)\\reactjs\\HW-react-movies-app\\client\\src\\components\\home-page-header\\HomePageHeader.js","statementMap":{"0":{"start":{"line":7,"column":23},"end":{"line":19,"column":1}},"1":{"start":{"line":8,"column":2},"end":{"line":18,"column":4}}},"fnMap":{"0":{"name":"(anonymous_0)","decl":{"start":{"line":7,"column":23},"end":{"line":7,"column":24}},"loc":{"start":{"line":7,"column":29},"end":{"line":19,"column":1}},"line":7}},"branchMap":{},"s":{"0":0,"1":0},"f":{"0":0},"b":{}}
,"C:\\Users\\Oksana\\Desktop\\New folder (2)\\reactjs\\HW-react-movies-app\\client\\src\\components\\home-page-header\\index.js": {"path":"C:\\Users\\Oksana\\Desktop\\New folder (2)\\reactjs\\HW-react-movies-app\\client\\src\\components\\home-page-header\\index.js","statementMap":{},"fnMap":{},"branchMap":{},"s":{},"f":{},"b":{}}
,"C:\\Users\\Oksana\\Desktop\\New folder (2)\\reactjs\\HW-react-movies-app\\client\\src\\components\\logo\\Logo.js": {"path":"C:\\Users\\Oksana\\Desktop\\New folder (2)\\reactjs\\HW-react-movies-app\\client\\src\\components\\logo\\Logo.js","statementMap":{"0":{"start":{"line":6,"column":13},"end":{"line":14,"column":1}},"1":{"start":{"line":7,"column":2},"end":{"line":13,"column":4}}},"fnMap":{"0":{"name":"(anonymous_0)","decl":{"start":{"line":6,"column":13},"end":{"line":6,"column":14}},"loc":{"start":{"line":6,"column":19},"end":{"line":14,"column":1}},"line":6}},"branchMap":{},"s":{"0":0,"1":0},"f":{"0":0},"b":{}}
,"C:\\Users\\Oksana\\Desktop\\New folder (2)\\reactjs\\HW-react-movies-app\\client\\src\\components\\logo\\index.js": {"path":"C:\\Users\\Oksana\\Desktop\\New folder (2)\\reactjs\\HW-react-movies-app\\client\\src\\components\\logo\\index.js","statementMap":{},"fnMap":{},"branchMap":{},"s":{},"f":{},"b":{}}
,"C:\\Users\\Oksana\\Desktop\\New folder (2)\\reactjs\\HW-react-movies-app\\client\\src\\components\\movie-detail\\MovieDetail.js": {"path":"C:\\Users\\Oksana\\Desktop\\New folder (2)\\reactjs\\HW-react-movies-app\\client\\src\\components\\movie-detail\\MovieDetail.js","statementMap":{"0":{"start":{"line":7,"column":20},"end":{"line":38,"column":1}},"1":{"start":{"line":16,"column":6},"end":{"line":16,"column":11}},"2":{"start":{"line":18,"column":2},"end":{"line":37,"column":4}},"3":{"start":{"line":40,"column":0},"end":{"line":53,"column":2}}},"fnMap":{"0":{"name":"(anonymous_0)","decl":{"start":{"line":7,"column":20},"end":{"line":7,"column":21}},"loc":{"start":{"line":7,"column":35},"end":{"line":38,"column":1}},"line":7}},"branchMap":{"0":{"loc":{"start":{"line":11,"column":4},"end":{"line":11,"column":15}},"type":"default-arg","locations":[{"start":{"line":11,"column":13},"end":{"line":11,"column":15}}],"line":11},"1":{"loc":{"start":{"line":12,"column":18},"end":{"line":12,"column":27}},"type":"default-arg","locations":[{"start":{"line":12,"column":25},"end":{"line":12,"column":27}}],"line":12}},"s":{"0":0,"1":0,"2":0,"3":0},"f":{"0":0},"b":{"0":[0],"1":[0]}}
,"C:\\Users\\Oksana\\Desktop\\New folder (2)\\reactjs\\HW-react-movies-app\\client\\src\\components\\movie-detail\\index.js": {"path":"C:\\Users\\Oksana\\Desktop\\New folder (2)\\reactjs\\HW-react-movies-app\\client\\src\\components\\movie-detail\\index.js","statementMap":{},"fnMap":{},"branchMap":{},"s":{},"f":{},"b":{}}
,"C:\\Users\\Oksana\\Desktop\\New folder (2)\\reactjs\\HW-react-movies-app\\client\\src\\components\\movie-list\\MovieList.js": {"path":"C:\\Users\\Oksana\\Desktop\\New folder (2)\\reactjs\\HW-react-movies-app\\client\\src\\components\\movie-list\\MovieList.js","statementMap":{"0":{"start":{"line":11,"column":18},"end":{"line":52,"column":1}},"1":{"start":{"line":18,"column":2},"end":{"line":51,"column":4}},"2":{"start":{"line":41,"column":10},"end":{"line":47,"column":12}},"3":{"start":{"line":54,"column":0},"end":{"line":60,"column":2}}},"fnMap":{"0":{"name":"(anonymous_0)","decl":{"start":{"line":11,"column":18},"end":{"line":11,"column":19}},"loc":{"start":{"line":17,"column":6},"end":{"line":52,"column":1}},"line":17},"1":{"name":"(anonymous_1)","decl":{"start":{"line":40,"column":20},"end":{"line":40,"column":21}},"loc":{"start":{"line":40,"column":31},"end":{"line":48,"column":9}},"line":40}},"branchMap":{},"s":{"0":0,"1":0,"2":0,"3":0},"f":{"0":0,"1":0},"b":{}}
,"C:\\Users\\Oksana\\Desktop\\New folder (2)\\reactjs\\HW-react-movies-app\\client\\src\\components\\movie-list\\index.js": {"path":"C:\\Users\\Oksana\\Desktop\\New folder (2)\\reactjs\\HW-react-movies-app\\client\\src\\components\\movie-list\\index.js","statementMap":{},"fnMap":{},"branchMap":{},"s":{},"f":{},"b":{}}
,"C:\\Users\\Oksana\\Desktop\\New folder (2)\\reactjs\\HW-react-movies-app\\client\\src\\components\\movie-list-item\\MovieListItem.js": {"path":"C:\\Users\\Oksana\\Desktop\\New folder (2)\\reactjs\\HW-react-movies-app\\client\\src\\components\\movie-list-item\\MovieListItem.js","statementMap":{"0":{"start":{"line":9,"column":22},"end":{"line":40,"column":1}},"1":{"start":{"line":10,"column":19},"end":{"line":10,"column":32}},"2":{"start":{"line":11,"column":28},"end":{"line":16,"column":3}},"3":{"start":{"line":12,"column":16},"end":{"line":14,"column":5}},"4":{"start":{"line":17,"column":68},"end":{"line":17,"column":73}},"5":{"start":{"line":19,"column":2},"end":{"line":39,"column":4}},"6":{"start":{"line":29,"column":25},"end":{"line":29,"column":44}},"7":{"start":{"line":30,"column":22},"end":{"line":30,"column":52}},"8":{"start":{"line":34,"column":25},"end":{"line":34,"column":63}},"9":{"start":{"line":42,"column":0},"end":{"line":52,"column":2}}},"fnMap":{"0":{"name":"(anonymous_0)","decl":{"start":{"line":9,"column":22},"end":{"line":9,"column":23}},"loc":{"start":{"line":9,"column":37},"end":{"line":40,"column":1}},"line":9},"1":{"name":"(anonymous_1)","decl":{"start":{"line":12,"column":4},"end":{"line":12,"column":5}},"loc":{"start":{"line":12,"column":16},"end":{"line":14,"column":5}},"line":12},"2":{"name":"(anonymous_2)","decl":{"start":{"line":29,"column":17},"end":{"line":29,"column":18}},"loc":{"start":{"line":29,"column":25},"end":{"line":29,"column":44}},"line":29},"3":{"name":"(anonymous_3)","decl":{"start":{"line":30,"column":16},"end":{"line":30,"column":17}},"loc":{"start":{"line":30,"column":22},"end":{"line":30,"column":52}},"line":30},"4":{"name":"(anonymous_4)","decl":{"start":{"line":34,"column":19},"end":{"line":34,"column":20}},"loc":{"start":{"line":34,"column":25},"end":{"line":34,"column":63}},"line":34}},"branchMap":{"0":{"loc":{"start":{"line":36,"column":9},"end":{"line":36,"column":73}},"type":"cond-expr","locations":[{"start":{"line":36,"column":38},"end":{"line":36,"column":68}},{"start":{"line":36,"column":71},"end":{"line":36,"column":73}}],"line":36}},"s":{"0":0,"1":0,"2":0,"3":0,"4":0,"5":0,"6":0,"7":0,"8":0,"9":0},"f":{"0":0,"1":0,"2":0,"3":0,"4":0},"b":{"0":[0,0]}}
,"C:\\Users\\Oksana\\Desktop\\New folder (2)\\reactjs\\HW-react-movies-app\\client\\src\\components\\movie-list-item\\index.js": {"path":"C:\\Users\\Oksana\\Desktop\\New folder (2)\\reactjs\\HW-react-movies-app\\client\\src\\components\\movie-list-item\\index.js","statementMap":{},"fnMap":{},"branchMap":{},"s":{},"f":{},"b":{}}
,"C:\\Users\\Oksana\\Desktop\\New folder (2)\\reactjs\\HW-react-movies-app\\client\\src\\components\\movie-page-header\\MoviePageHeader.js": {"path":"C:\\Users\\Oksana\\Desktop\\New folder (2)\\reactjs\\HW-react-movies-app\\client\\src\\components\\movie-page-header\\MoviePageHeader.js","statementMap":{"0":{"start":{"line":8,"column":24},"end":{"line":21,"column":1}},"1":{"start":{"line":9,"column":17},"end":{"line":9,"column":28}},"2":{"start":{"line":10,"column":2},"end":{"line":20,"column":4}}},"fnMap":{"0":{"name":"(anonymous_0)","decl":{"start":{"line":8,"column":24},"end":{"line":8,"column":25}},"loc":{"start":{"line":8,"column":30},"end":{"line":21,"column":1}},"line":8}},"branchMap":{},"s":{"0":0,"1":0,"2":0},"f":{"0":0},"b":{}}
,"C:\\Users\\Oksana\\Desktop\\New folder (2)\\reactjs\\HW-react-movies-app\\client\\src\\components\\movie-page-header\\index.js": {"path":"C:\\Users\\Oksana\\Desktop\\New folder (2)\\reactjs\\HW-react-movies-app\\client\\src\\components\\movie-page-header\\index.js","statementMap":{},"fnMap":{},"branchMap":{},"s":{},"f":{},"b":{}}
,"C:\\Users\\Oksana\\Desktop\\New folder (2)\\reactjs\\HW-react-movies-app\\client\\src\\components\\movie-popover\\MoviePopover.js": {"path":"C:\\Users\\Oksana\\Desktop\\New folder (2)\\reactjs\\HW-react-movies-app\\client\\src\\components\\movie-popover\\MoviePopover.js","statementMap":{"0":{"start":{"line":13,"column":21},"end":{"line":35,"column":1}},"1":{"start":{"line":14,"column":19},"end":{"line":14,"column":32}},"2":{"start":{"line":16,"column":2},"end":{"line":34,"column":4}},"3":{"start":{"line":18,"column":27},"end":{"line":18,"column":57}},"4":{"start":{"line":22,"column":23},"end":{"line":22,"column":60}},"5":{"start":{"line":28,"column":23},"end":{"line":28,"column":62}},"6":{"start":{"line":37,"column":0},"end":{"line":47,"column":2}}},"fnMap":{"0":{"name":"(anonymous_0)","decl":{"start":{"line":13,"column":21},"end":{"line":13,"column":22}},"loc":{"start":{"line":13,"column":36},"end":{"line":35,"column":1}},"line":13},"1":{"name":"(anonymous_1)","decl":{"start":{"line":18,"column":21},"end":{"line":18,"column":22}},"loc":{"start":{"line":18,"column":27},"end":{"line":18,"column":57}},"line":18},"2":{"name":"(anonymous_2)","decl":{"start":{"line":22,"column":17},"end":{"line":22,"column":18}},"loc":{"start":{"line":22,"column":23},"end":{"line":22,"column":60}},"line":22},"3":{"name":"(anonymous_3)","decl":{"start":{"line":28,"column":17},"end":{"line":28,"column":18}},"loc":{"start":{"line":28,"column":23},"end":{"line":28,"column":62}},"line":28}},"branchMap":{},"s":{"0":0,"1":0,"2":0,"3":0,"4":0,"5":0,"6":0},"f":{"0":0,"1":0,"2":0,"3":0},"b":{}}
,"C:\\Users\\Oksana\\Desktop\\New folder (2)\\reactjs\\HW-react-movies-app\\client\\src\\components\\movie-popover\\index.js": {"path":"C:\\Users\\Oksana\\Desktop\\New folder (2)\\reactjs\\HW-react-movies-app\\client\\src\\components\\movie-popover\\index.js","statementMap":{},"fnMap":{},"branchMap":{},"s":{},"f":{},"b":{}}
,"C:\\Users\\Oksana\\Desktop\\New folder (2)\\reactjs\\HW-react-movies-app\\client\\src\\components\\multi-select\\MultiSelect.js": {"path":"C:\\Users\\Oksana\\Desktop\\New folder (2)\\reactjs\\HW-react-movies-app\\client\\src\\components\\multi-select\\MultiSelect.js","statementMap":{"0":{"start":{"line":5,"column":20},"end":{"line":34,"column":1}},"1":{"start":{"line":6,"column":17},"end":{"line":15,"column":3}},"2":{"start":{"line":17,"column":2},"end":{"line":33,"column":4}},"3":{"start":{"line":29,"column":10},"end":{"line":29,"column":58}},"4":{"start":{"line":36,"column":0},"end":{"line":41,"column":2}}},"fnMap":{"0":{"name":"(anonymous_0)","decl":{"start":{"line":5,"column":20},"end":{"line":5,"column":21}},"loc":{"start":{"line":5,"column":73},"end":{"line":34,"column":1}},"line":5},"1":{"name":"(anonymous_1)","decl":{"start":{"line":28,"column":20},"end":{"line":28,"column":21}},"loc":{"start":{"line":29,"column":10},"end":{"line":29,"column":58}},"line":29}},"branchMap":{},"s":{"0":2,"1":0,"2":0,"3":0,"4":2},"f":{"0":0,"1":0},"b":{},"_coverageSchema":"1a1c01bbd47fc00a2c39e90264f33305004495a9","hash":"3e55d495c827c641011b441b230044e44a985238"}
,"C:\\Users\\Oksana\\Desktop\\New folder (2)\\reactjs\\HW-react-movies-app\\client\\src\\components\\multi-select\\index.js": {"path":"C:\\Users\\Oksana\\Desktop\\New folder (2)\\reactjs\\HW-react-movies-app\\client\\src\\components\\multi-select\\index.js","statementMap":{},"fnMap":{},"branchMap":{},"s":{},"f":{},"b":{},"_coverageSchema":"1a1c01bbd47fc00a2c39e90264f33305004495a9","hash":"f3fbbdba71bbac1b15d7803752f60011ac7d4243"}
,"C:\\Users\\Oksana\\Desktop\\New folder (2)\\reactjs\\HW-react-movies-app\\client\\src\\components\\not-found\\NotFound.js": {"path":"C:\\Users\\Oksana\\Desktop\\New folder (2)\\reactjs\\HW-react-movies-app\\client\\src\\components\\not-found\\NotFound.js","statementMap":{"0":{"start":{"line":7,"column":17},"end":{"line":24,"column":1}},"1":{"start":{"line":8,"column":2},"end":{"line":23,"column":4}}},"fnMap":{"0":{"name":"(anonymous_0)","decl":{"start":{"line":7,"column":17},"end":{"line":7,"column":18}},"loc":{"start":{"line":7,"column":23},"end":{"line":24,"column":1}},"line":7}},"branchMap":{},"s":{"0":0,"1":0},"f":{"0":0},"b":{}}
,"C:\\Users\\Oksana\\Desktop\\New folder (2)\\reactjs\\HW-react-movies-app\\client\\src\\components\\not-found\\index.js": {"path":"C:\\Users\\Oksana\\Desktop\\New folder (2)\\reactjs\\HW-react-movies-app\\client\\src\\components\\not-found\\index.js","statementMap":{},"fnMap":{},"branchMap":{},"s":{},"f":{},"b":{}}
,"C:\\Users\\Oksana\\Desktop\\New folder (2)\\reactjs\\HW-react-movies-app\\client\\src\\components\\result-count\\ResultCount.js": {"path":"C:\\Users\\Oksana\\Desktop\\New folder (2)\\reactjs\\HW-react-movies-app\\client\\src\\components\\result-count\\ResultCount.js","statementMap":{"0":{"start":{"line":6,"column":20},"end":{"line":13,"column":1}},"1":{"start":{"line":7,"column":2},"end":{"line":12,"column":4}},"2":{"start":{"line":15,"column":0},"end":{"line":17,"column":2}}},"fnMap":{"0":{"name":"(anonymous_0)","decl":{"start":{"line":6,"column":20},"end":{"line":6,"column":21}},"loc":{"start":{"line":6,"column":36},"end":{"line":13,"column":1}},"line":6}},"branchMap":{},"s":{"0":1,"1":1,"2":1},"f":{"0":1},"b":{},"_coverageSchema":"1a1c01bbd47fc00a2c39e90264f33305004495a9","hash":"af9255351dcce1a747cb84620e5521c3b99f4027"}
,"C:\\Users\\Oksana\\Desktop\\New folder (2)\\reactjs\\HW-react-movies-app\\client\\src\\components\\result-count\\index.js": {"path":"C:\\Users\\Oksana\\Desktop\\New folder (2)\\reactjs\\HW-react-movies-app\\client\\src\\components\\result-count\\index.js","statementMap":{},"fnMap":{},"branchMap":{},"s":{},"f":{},"b":{}}
,"C:\\Users\\Oksana\\Desktop\\New folder (2)\\reactjs\\HW-react-movies-app\\client\\src\\components\\search-panel\\SearchPanel.js": {"path":"C:\\Users\\Oksana\\Desktop\\New folder (2)\\reactjs\\HW-react-movies-app\\client\\src\\components\\search-panel\\SearchPanel.js","statementMap":{"0":{"start":{"line":7,"column":20},"end":{"line":29,"column":1}},"1":{"start":{"line":8,"column":2},"end":{"line":28,"column":4}},"2":{"start":{"line":15,"column":27},"end":{"line":15,"column":54}},"3":{"start":{"line":16,"column":29},"end":{"line":16,"column":64}},"4":{"start":{"line":31,"column":0},"end":{"line":34,"column":2}}},"fnMap":{"0":{"name":"(anonymous_0)","decl":{"start":{"line":7,"column":20},"end":{"line":7,"column":21}},"loc":{"start":{"line":7,"column":55},"end":{"line":29,"column":1}},"line":7},"1":{"name":"(anonymous_1)","decl":{"start":{"line":15,"column":20},"end":{"line":15,"column":21}},"loc":{"start":{"line":15,"column":27},"end":{"line":15,"column":54}},"line":15},"2":{"name":"(anonymous_2)","decl":{"start":{"line":16,"column":22},"end":{"line":16,"column":23}},"loc":{"start":{"line":16,"column":29},"end":{"line":16,"column":64}},"line":16}},"branchMap":{"0":{"loc":{"start":{"line":16,"column":29},"end":{"line":16,"column":64}},"type":"binary-expr","locations":[{"start":{"line":16,"column":29},"end":{"line":16,"column":46}},{"start":{"line":16,"column":50},"end":{"line":16,"column":64}}],"line":16}},"s":{"0":1,"1":3,"2":1,"3":0,"4":1},"f":{"0":3,"1":1,"2":0},"b":{"0":[0,0]},"_coverageSchema":"1a1c01bbd47fc00a2c39e90264f33305004495a9","hash":"88813e6c4e1e7b39814be79694ba2a299a92835f"}
,"C:\\Users\\Oksana\\Desktop\\New folder (2)\\reactjs\\HW-react-movies-app\\client\\src\\components\\search-panel\\index.js": {"path":"C:\\Users\\Oksana\\Desktop\\New folder (2)\\reactjs\\HW-react-movies-app\\client\\src\\components\\search-panel\\index.js","statementMap":{},"fnMap":{},"branchMap":{},"s":{},"f":{},"b":{}}
,"C:\\Users\\Oksana\\Desktop\\New folder (2)\\reactjs\\HW-react-movies-app\\client\\src\\components\\search-toggler\\SearchToggler.js": {"path":"C:\\Users\\Oksana\\Desktop\\New folder (2)\\reactjs\\HW-react-movies-app\\client\\src\\components\\search-toggler\\SearchToggler.js","statementMap":{"0":{"start":{"line":6,"column":22},"end":{"line":24,"column":1}},"1":{"start":{"line":7,"column":48},"end":{"line":7,"column":63}},"2":{"start":{"line":8,"column":2},"end":{"line":23,"column":4}},"3":{"start":{"line":11,"column":23},"end":{"line":11,"column":59}}},"fnMap":{"0":{"name":"(anonymous_0)","decl":{"start":{"line":6,"column":22},"end":{"line":6,"column":23}},"loc":{"start":{"line":6,"column":28},"end":{"line":24,"column":1}},"line":6},"1":{"name":"(anonymous_1)","decl":{"start":{"line":11,"column":17},"end":{"line":11,"column":18}},"loc":{"start":{"line":11,"column":23},"end":{"line":11,"column":59}},"line":11}},"branchMap":{"0":{"loc":{"start":{"line":19,"column":10},"end":{"line":19,"column":64}},"type":"cond-expr","locations":[{"start":{"line":19,"column":28},"end":{"line":19,"column":59}},{"start":{"line":19,"column":62},"end":{"line":19,"column":64}}],"line":19}},"s":{"0":0,"1":0,"2":0,"3":0},"f":{"0":0,"1":0},"b":{"0":[0,0]}}
,"C:\\Users\\Oksana\\Desktop\\New folder (2)\\reactjs\\HW-react-movies-app\\client\\src\\components\\search-toggler\\index.js": {"path":"C:\\Users\\Oksana\\Desktop\\New folder (2)\\reactjs\\HW-react-movies-app\\client\\src\\components\\search-toggler\\index.js","statementMap":{},"fnMap":{},"branchMap":{},"s":{},"f":{},"b":{}}
,"C:\\Users\\Oksana\\Desktop\\New folder (2)\\reactjs\\HW-react-movies-app\\client\\src\\components\\sorting\\Sorting.js": {"path":"C:\\Users\\Oksana\\Desktop\\New folder (2)\\reactjs\\HW-react-movies-app\\client\\src\\components\\sorting\\Sorting.js","statementMap":{"0":{"start":{"line":6,"column":16},"end":{"line":22,"column":1}},"1":{"start":{"line":7,"column":2},"end":{"line":21,"column":4}},"2":{"start":{"line":11,"column":26},"end":{"line":11,"column":55}},"3":{"start":{"line":24,"column":0},"end":{"line":26,"column":2}}},"fnMap":{"0":{"name":"(anonymous_0)","decl":{"start":{"line":6,"column":16},"end":{"line":6,"column":17}},"loc":{"start":{"line":6,"column":38},"end":{"line":22,"column":1}},"line":6},"1":{"name":"(anonymous_1)","decl":{"start":{"line":11,"column":18},"end":{"line":11,"column":19}},"loc":{"start":{"line":11,"column":26},"end":{"line":11,"column":55}},"line":11}},"branchMap":{},"s":{"0":0,"1":0,"2":0,"3":0},"f":{"0":0,"1":0},"b":{}}
,"C:\\Users\\Oksana\\Desktop\\New folder (2)\\reactjs\\HW-react-movies-app\\client\\src\\components\\sorting\\index.js": {"path":"C:\\Users\\Oksana\\Desktop\\New folder (2)\\reactjs\\HW-react-movies-app\\client\\src\\components\\sorting\\index.js","statementMap":{},"fnMap":{},"branchMap":{},"s":{},"f":{},"b":{}}
,"C:\\Users\\Oksana\\Desktop\\New folder (2)\\reactjs\\HW-react-movies-app\\client\\src\\containers\\add-movie-container\\AddMovieContainer.js": {"path":"C:\\Users\\Oksana\\Desktop\\New folder (2)\\reactjs\\HW-react-movies-app\\client\\src\\containers\\add-movie-container\\AddMovieContainer.js","statementMap":{"0":{"start":{"line":9,"column":26},"end":{"line":42,"column":1}},"1":{"start":{"line":10,"column":37},"end":{"line":15,"column":3}},"2":{"start":{"line":11,"column":14},"end":{"line":13,"column":5}},"3":{"start":{"line":16,"column":19},"end":{"line":16,"column":32}},"4":{"start":{"line":17,"column":29},"end":{"line":19,"column":3}},"5":{"start":{"line":18,"column":4},"end":{"line":18,"column":31}},"6":{"start":{"line":21,"column":2},"end":{"line":41,"column":4}},"7":{"start":{"line":27,"column":23},"end":{"line":27,"column":54}},"8":{"start":{"line":33,"column":24},"end":{"line":33,"column":55}}},"fnMap":{"0":{"name":"(anonymous_0)","decl":{"start":{"line":9,"column":26},"end":{"line":9,"column":27}},"loc":{"start":{"line":9,"column":32},"end":{"line":42,"column":1}},"line":9},"1":{"name":"(anonymous_1)","decl":{"start":{"line":11,"column":4},"end":{"line":11,"column":5}},"loc":{"start":{"line":11,"column":14},"end":{"line":13,"column":5}},"line":11},"2":{"name":"(anonymous_2)","decl":{"start":{"line":17,"column":29},"end":{"line":17,"column":30}},"loc":{"start":{"line":17,"column":41},"end":{"line":19,"column":3}},"line":17},"3":{"name":"(anonymous_3)","decl":{"start":{"line":27,"column":17},"end":{"line":27,"column":18}},"loc":{"start":{"line":27,"column":23},"end":{"line":27,"column":54}},"line":27},"4":{"name":"(anonymous_4)","decl":{"start":{"line":33,"column":18},"end":{"line":33,"column":19}},"loc":{"start":{"line":33,"column":24},"end":{"line":33,"column":55}},"line":33}},"branchMap":{},"s":{"0":1,"1":7,"2":0,"3":7,"4":7,"5":1,"6":7,"7":1,"8":1},"f":{"0":7,"1":0,"2":1,"3":1,"4":1},"b":{},"_coverageSchema":"1a1c01bbd47fc00a2c39e90264f33305004495a9","hash":"3867dbdd45bfbf17f97bb90a7f082f44b65decd6"}
,"C:\\Users\\Oksana\\Desktop\\New folder (2)\\reactjs\\HW-react-movies-app\\client\\src\\containers\\add-movie-container\\index.js": {"path":"C:\\Users\\Oksana\\Desktop\\New folder (2)\\reactjs\\HW-react-movies-app\\client\\src\\containers\\add-movie-container\\index.js","statementMap":{},"fnMap":{},"branchMap":{},"s":{},"f":{},"b":{}}
,"C:\\Users\\Oksana\\Desktop\\New folder (2)\\reactjs\\HW-react-movies-app\\client\\src\\containers\\error-boundary\\ErrorBoundary.js": {"path":"C:\\Users\\Oksana\\Desktop\\New folder (2)\\reactjs\\HW-react-movies-app\\client\\src\\containers\\error-boundary\\ErrorBoundary.js","statementMap":{"0":{"start":{"line":7,"column":10},"end":{"line":9,"column":3}},"1":{"start":{"line":12,"column":4},"end":{"line":12,"column":30}},"2":{"start":{"line":16,"column":4},"end":{"line":16,"column":38}},"3":{"start":{"line":20,"column":25},"end":{"line":20,"column":35}},"4":{"start":{"line":21,"column":25},"end":{"line":21,"column":35}},"5":{"start":{"line":23,"column":4},"end":{"line":25,"column":5}},"6":{"start":{"line":24,"column":6},"end":{"line":24,"column":32}},"7":{"start":{"line":27,"column":4},"end":{"line":27,"column":20}},"8":{"start":{"line":31,"column":0},"end":{"line":33,"column":2}}},"fnMap":{"0":{"name":"(anonymous_0)","decl":{"start":{"line":11,"column":2},"end":{"line":11,"column":3}},"loc":{"start":{"line":11,"column":36},"end":{"line":13,"column":3}},"line":11},"1":{"name":"(anonymous_1)","decl":{"start":{"line":15,"column":2},"end":{"line":15,"column":3}},"loc":{"start":{"line":15,"column":22},"end":{"line":17,"column":3}},"line":15},"2":{"name":"(anonymous_2)","decl":{"start":{"line":19,"column":2},"end":{"line":19,"column":3}},"loc":{"start":{"line":19,"column":11},"end":{"line":28,"column":3}},"line":19}},"branchMap":{"0":{"loc":{"start":{"line":23,"column":4},"end":{"line":25,"column":5}},"type":"if","locations":[{"start":{"line":23,"column":4},"end":{"line":25,"column":5}},{"start":{"line":23,"column":4},"end":{"line":25,"column":5}}],"line":23}},"s":{"0":0,"1":0,"2":0,"3":0,"4":0,"5":0,"6":0,"7":0,"8":0},"f":{"0":0,"1":0,"2":0},"b":{"0":[0,0]}}
,"C:\\Users\\Oksana\\Desktop\\New folder (2)\\reactjs\\HW-react-movies-app\\client\\src\\containers\\error-boundary\\index.js": {"path":"C:\\Users\\Oksana\\Desktop\\New folder (2)\\reactjs\\HW-react-movies-app\\client\\src\\containers\\error-boundary\\index.js","statementMap":{},"fnMap":{},"branchMap":{},"s":{},"f":{},"b":{}}
,"C:\\Users\\Oksana\\Desktop\\New folder (2)\\reactjs\\HW-react-movies-app\\client\\src\\containers\\filtering-container\\FilteringContainer.js": {"path":"C:\\Users\\Oksana\\Desktop\\New folder (2)\\reactjs\\HW-react-movies-app\\client\\src\\containers\\filtering-container\\FilteringContainer.js","statementMap":{"0":{"start":{"line":8,"column":27},"end":{"line":45,"column":1}},"1":{"start":{"line":9,"column":19},"end":{"line":9,"column":32}},"2":{"start":{"line":10,"column":18},"end":{"line":10,"column":30}},"3":{"start":{"line":11,"column":35},"end":{"line":18,"column":3}},"4":{"start":{"line":12,"column":16},"end":{"line":15,"column":5}},"5":{"start":{"line":20,"column":22},"end":{"line":20,"column":69}},"6":{"start":{"line":22,"column":20},"end":{"line":27,"column":3}},"7":{"start":{"line":23,"column":22},"end":{"line":23,"column":65}},"8":{"start":{"line":24,"column":4},"end":{"line":24,"column":35}},"9":{"start":{"line":26,"column":4},"end":{"line":26,"column":32}},"10":{"start":{"line":29,"column":22},"end":{"line":36,"column":3}},"11":{"start":{"line":30,"column":4},"end":{"line":30,"column":23}},"12":{"start":{"line":30,"column":16},"end":{"line":30,"column":23}},"13":{"start":{"line":32,"column":16},"end":{"line":32,"column":55}},"14":{"start":{"line":33,"column":4},"end":{"line":33,"column":28}},"15":{"start":{"line":34,"column":4},"end":{"line":34,"column":38}},"16":{"start":{"line":35,"column":4},"end":{"line":35,"column":39}},"17":{"start":{"line":38,"column":2},"end":{"line":44,"column":4}}},"fnMap":{"0":{"name":"(anonymous_0)","decl":{"start":{"line":8,"column":27},"end":{"line":8,"column":28}},"loc":{"start":{"line":8,"column":33},"end":{"line":45,"column":1}},"line":8},"1":{"name":"(anonymous_1)","decl":{"start":{"line":12,"column":4},"end":{"line":12,"column":5}},"loc":{"start":{"line":12,"column":16},"end":{"line":15,"column":5}},"line":12},"2":{"name":"(anonymous_2)","decl":{"start":{"line":22,"column":20},"end":{"line":22,"column":21}},"loc":{"start":{"line":22,"column":31},"end":{"line":27,"column":3}},"line":22},"3":{"name":"(anonymous_3)","decl":{"start":{"line":29,"column":22},"end":{"line":29,"column":23}},"loc":{"start":{"line":29,"column":33},"end":{"line":36,"column":3}},"line":29}},"branchMap":{"0":{"loc":{"start":{"line":30,"column":4},"end":{"line":30,"column":23}},"type":"if","locations":[{"start":{"line":30,"column":4},"end":{"line":30,"column":23}},{"start":{"line":30,"column":4},"end":{"line":30,"column":23}}],"line":30},"1":{"loc":{"start":{"line":32,"column":16},"end":{"line":32,"column":55}},"type":"cond-expr","locations":[{"start":{"line":32,"column":34},"end":{"line":32,"column":36}},{"start":{"line":32,"column":39},"end":{"line":32,"column":55}}],"line":32}},"s":{"0":0,"1":0,"2":0,"3":0,"4":0,"5":0,"6":0,"7":0,"8":0,"9":0,"10":0,"11":0,"12":0,"13":0,"14":0,"15":0,"16":0,"17":0},"f":{"0":0,"1":0,"2":0,"3":0},"b":{"0":[0,0],"1":[0,0]}}
,"C:\\Users\\Oksana\\Desktop\\New folder (2)\\reactjs\\HW-react-movies-app\\client\\src\\containers\\filtering-container\\index.js": {"path":"C:\\Users\\Oksana\\Desktop\\New folder (2)\\reactjs\\HW-react-movies-app\\client\\src\\containers\\filtering-container\\index.js","statementMap":{},"fnMap":{},"branchMap":{},"s":{},"f":{},"b":{}}
,"C:\\Users\\Oksana\\Desktop\\New folder (2)\\reactjs\\HW-react-movies-app\\client\\src\\containers\\movie-detail-container\\MovieDetailContainer.js": {"path":"C:\\Users\\Oksana\\Desktop\\New folder (2)\\reactjs\\HW-react-movies-app\\client\\src\\containers\\movie-detail-container\\MovieDetailContainer.js","statementMap":{"0":{"start":{"line":8,"column":29},"end":{"line":22,"column":1}},"1":{"start":{"line":9,"column":19},"end":{"line":9,"column":32}},"2":{"start":{"line":10,"column":26},"end":{"line":15,"column":3}},"3":{"start":{"line":11,"column":16},"end":{"line":13,"column":5}},"4":{"start":{"line":17,"column":2},"end":{"line":19,"column":11}},"5":{"start":{"line":18,"column":4},"end":{"line":18,"column":29}},"6":{"start":{"line":21,"column":2},"end":{"line":21,"column":45}},"7":{"start":{"line":24,"column":0},"end":{"line":26,"column":2}}},"fnMap":{"0":{"name":"(anonymous_0)","decl":{"start":{"line":8,"column":29},"end":{"line":8,"column":30}},"loc":{"start":{"line":8,"column":41},"end":{"line":22,"column":1}},"line":8},"1":{"name":"(anonymous_1)","decl":{"start":{"line":11,"column":4},"end":{"line":11,"column":5}},"loc":{"start":{"line":11,"column":16},"end":{"line":13,"column":5}},"line":11},"2":{"name":"(anonymous_2)","decl":{"start":{"line":17,"column":12},"end":{"line":17,"column":13}},"loc":{"start":{"line":17,"column":18},"end":{"line":19,"column":3}},"line":17}},"branchMap":{},"s":{"0":0,"1":0,"2":0,"3":0,"4":0,"5":0,"6":0,"7":0},"f":{"0":0,"1":0,"2":0},"b":{}}
,"C:\\Users\\Oksana\\Desktop\\New folder (2)\\reactjs\\HW-react-movies-app\\client\\src\\containers\\movie-detail-container\\index.js": {"path":"C:\\Users\\Oksana\\Desktop\\New folder (2)\\reactjs\\HW-react-movies-app\\client\\src\\containers\\movie-detail-container\\index.js","statementMap":{},"fnMap":{},"branchMap":{},"s":{},"f":{},"b":{}}
,"C:\\Users\\Oksana\\Desktop\\New folder (2)\\reactjs\\HW-react-movies-app\\client\\src\\containers\\movie-list-container\\MovieListContainer.js": {"path":"C:\\Users\\Oksana\\Desktop\\New folder (2)\\reactjs\\HW-react-movies-app\\client\\src\\containers\\movie-list-container\\MovieListContainer.js","statementMap":{"0":{"start":{"line":9,"column":27},"end":{"line":43,"column":1}},"1":{"start":{"line":10,"column":19},"end":{"line":10,"column":32}},"2":{"start":{"line":16,"column":6},"end":{"line":24,"column":3}},"3":{"start":{"line":17,"column":16},"end":{"line":22,"column":5}},"4":{"start":{"line":26,"column":2},"end":{"line":28,"column":3}},"5":{"start":{"line":27,"column":4},"end":{"line":27,"column":33}},"6":{"start":{"line":30,"column":2},"end":{"line":32,"column":3}},"7":{"start":{"line":31,"column":4},"end":{"line":31,"column":30}},"8":{"start":{"line":34,"column":2},"end":{"line":42,"column":4}},"9":{"start":{"line":37,"column":41},"end":{"line":37,"column":75}},"10":{"start":{"line":40,"column":39},"end":{"line":40,"column":71}}},"fnMap":{"0":{"name":"(anonymous_0)","decl":{"start":{"line":9,"column":27},"end":{"line":9,"column":28}},"loc":{"start":{"line":9,"column":33},"end":{"line":43,"column":1}},"line":9},"1":{"name":"(anonymous_1)","decl":{"start":{"line":17,"column":4},"end":{"line":17,"column":5}},"loc":{"start":{"line":17,"column":16},"end":{"line":22,"column":5}},"line":17},"2":{"name":"(anonymous_2)","decl":{"start":{"line":37,"column":35},"end":{"line":37,"column":36}},"loc":{"start":{"line":37,"column":41},"end":{"line":37,"column":75}},"line":37},"3":{"name":"(anonymous_3)","decl":{"start":{"line":40,"column":33},"end":{"line":40,"column":34}},"loc":{"start":{"line":40,"column":39},"end":{"line":40,"column":71}},"line":40}},"branchMap":{"0":{"loc":{"start":{"line":26,"column":2},"end":{"line":28,"column":3}},"type":"if","locations":[{"start":{"line":26,"column":2},"end":{"line":28,"column":3}},{"start":{"line":26,"column":2},"end":{"line":28,"column":3}}],"line":26},"1":{"loc":{"start":{"line":30,"column":2},"end":{"line":32,"column":3}},"type":"if","locations":[{"start":{"line":30,"column":2},"end":{"line":32,"column":3}},{"start":{"line":30,"column":2},"end":{"line":32,"column":3}}],"line":30}},"s":{"0":0,"1":0,"2":0,"3":0,"4":0,"5":0,"6":0,"7":0,"8":0,"9":0,"10":0},"f":{"0":0,"1":0,"2":0,"3":0},"b":{"0":[0,0],"1":[0,0]}}
,"C:\\Users\\Oksana\\Desktop\\New folder (2)\\reactjs\\HW-react-movies-app\\client\\src\\containers\\movie-list-container\\index.js": {"path":"C:\\Users\\Oksana\\Desktop\\New folder (2)\\reactjs\\HW-react-movies-app\\client\\src\\containers\\movie-list-container\\index.js","statementMap":{},"fnMap":{},"branchMap":{},"s":{},"f":{},"b":{}}
,"C:\\Users\\Oksana\\Desktop\\New folder (2)\\reactjs\\HW-react-movies-app\\client\\src\\containers\\scroll\\ScrollToTop.js": {"path":"C:\\Users\\Oksana\\Desktop\\New folder (2)\\reactjs\\HW-react-movies-app\\client\\src\\containers\\scroll\\ScrollToTop.js","statementMap":{"0":{"start":{"line":4,"column":20},"end":{"line":10,"column":1}},"1":{"start":{"line":5,"column":2},"end":{"line":7,"column":17}},"2":{"start":{"line":6,"column":4},"end":{"line":6,"column":26}},"3":{"start":{"line":9,"column":2},"end":{"line":9,"column":18}}},"fnMap":{"0":{"name":"(anonymous_0)","decl":{"start":{"line":4,"column":20},"end":{"line":4,"column":21}},"loc":{"start":{"line":4,"column":62},"end":{"line":10,"column":1}},"line":4},"1":{"name":"(anonymous_1)","decl":{"start":{"line":5,"column":12},"end":{"line":5,"column":13}},"loc":{"start":{"line":5,"column":18},"end":{"line":7,"column":3}},"line":5}},"branchMap":{},"s":{"0":0,"1":0,"2":0,"3":0},"f":{"0":0,"1":0},"b":{}}
,"C:\\Users\\Oksana\\Desktop\\New folder (2)\\reactjs\\HW-react-movies-app\\client\\src\\containers\\scroll\\index.js": {"path":"C:\\Users\\Oksana\\Desktop\\New folder (2)\\reactjs\\HW-react-movies-app\\client\\src\\containers\\scroll\\index.js","statementMap":{},"fnMap":{},"branchMap":{},"s":{},"f":{},"b":{}}
,"C:\\Users\\Oksana\\Desktop\\New folder (2)\\reactjs\\HW-react-movies-app\\client\\src\\containers\\search-panel-container\\SearchPanelContainer.js": {"path":"C:\\Users\\Oksana\\Desktop\\New folder (2)\\reactjs\\HW-react-movies-app\\client\\src\\containers\\search-panel-container\\SearchPanelContainer.js","statementMap":{"0":{"start":{"line":8,"column":29},"end":{"line":49,"column":1}},"1":{"start":{"line":9,"column":20},"end":{"line":12,"column":3}},"2":{"start":{"line":10,"column":16},"end":{"line":10,"column":48}},"3":{"start":{"line":13,"column":19},"end":{"line":13,"column":32}},"4":{"start":{"line":14,"column":18},"end":{"line":14,"column":30}},"5":{"start":{"line":15,"column":21},"end":{"line":15,"column":45}},"6":{"start":{"line":17,"column":23},"end":{"line":21,"column":3}},"7":{"start":{"line":18,"column":4},"end":{"line":20,"column":7}},"8":{"start":{"line":23,"column":2},"end":{"line":31,"column":9}},"9":{"start":{"line":24,"column":4},"end":{"line":24,"column":52}},"10":{"start":{"line":24,"column":45},"end":{"line":24,"column":52}},"11":{"start":{"line":27,"column":8},"end":{"line":27,"column":32}},"12":{"start":{"line":28,"column":31},"end":{"line":28,"column":55}},"13":{"start":{"line":29,"column":4},"end":{"line":29,"column":46}},"14":{"start":{"line":30,"column":4},"end":{"line":30,"column":43}},"15":{"start":{"line":33,"column":20},"end":{"line":35,"column":3}},"16":{"start":{"line":34,"column":4},"end":{"line":34,"column":28}},"17":{"start":{"line":37,"column":23},"end":{"line":42,"column":3}},"18":{"start":{"line":38,"column":4},"end":{"line":38,"column":30}},"19":{"start":{"line":39,"column":4},"end":{"line":41,"column":45}},"20":{"start":{"line":44,"column":22},"end":{"line":46,"column":3}},"21":{"start":{"line":45,"column":4},"end":{"line":45,"column":38}},"22":{"start":{"line":48,"column":2},"end":{"line":48,"column":77}}},"fnMap":{"0":{"name":"(anonymous_0)","decl":{"start":{"line":8,"column":29},"end":{"line":8,"column":30}},"loc":{"start":{"line":8,"column":35},"end":{"line":49,"column":1}},"line":8},"1":{"name":"(anonymous_1)","decl":{"start":{"line":10,"column":4},"end":{"line":10,"column":5}},"loc":{"start":{"line":10,"column":16},"end":{"line":10,"column":48}},"line":10},"2":{"name":"(anonymous_2)","decl":{"start":{"line":17,"column":23},"end":{"line":17,"column":24}},"loc":{"start":{"line":17,"column":33},"end":{"line":21,"column":3}},"line":17},"3":{"name":"(anonymous_3)","decl":{"start":{"line":23,"column":12},"end":{"line":23,"column":13}},"loc":{"start":{"line":23,"column":18},"end":{"line":31,"column":3}},"line":23},"4":{"name":"(anonymous_4)","decl":{"start":{"line":33,"column":20},"end":{"line":33,"column":21}},"loc":{"start":{"line":33,"column":32},"end":{"line":35,"column":3}},"line":33},"5":{"name":"(anonymous_5)","decl":{"start":{"line":37,"column":23},"end":{"line":37,"column":24}},"loc":{"start":{"line":37,"column":29},"end":{"line":42,"column":3}},"line":37},"6":{"name":"(anonymous_6)","decl":{"start":{"line":44,"column":22},"end":{"line":44,"column":23}},"loc":{"start":{"line":44,"column":33},"end":{"line":46,"column":3}},"line":44}},"branchMap":{"0":{"loc":{"start":{"line":24,"column":4},"end":{"line":24,"column":52}},"type":"if","locations":[{"start":{"line":24,"column":4},"end":{"line":24,"column":52}},{"start":{"line":24,"column":4},"end":{"line":24,"column":52}}],"line":24},"1":{"loc":{"start":{"line":24,"column":8},"end":{"line":24,"column":43}},"type":"binary-expr","locations":[{"start":{"line":24,"column":8},"end":{"line":24,"column":14}},{"start":{"line":24,"column":18},"end":{"line":24,"column":43}}],"line":24},"2":{"loc":{"start":{"line":39,"column":4},"end":{"line":41,"column":44}},"type":"cond-expr","locations":[{"start":{"line":40,"column":8},"end":{"line":40,"column":36}},{"start":{"line":41,"column":8},"end":{"line":41,"column":44}}],"line":39}},"s":{"0":0,"1":0,"2":0,"3":0,"4":0,"5":0,"6":0,"7":0,"8":0,"9":0,"10":0,"11":0,"12":0,"13":0,"14":0,"15":0,"16":0,"17":0,"18":0,"19":0,"20":0,"21":0,"22":0},"f":{"0":0,"1":0,"2":0,"3":0,"4":0,"5":0,"6":0},"b":{"0":[0,0],"1":[0,0],"2":[0,0]}}
,"C:\\Users\\Oksana\\Desktop\\New folder (2)\\reactjs\\HW-react-movies-app\\client\\src\\containers\\search-panel-container\\index.js": {"path":"C:\\Users\\Oksana\\Desktop\\New folder (2)\\reactjs\\HW-react-movies-app\\client\\src\\containers\\search-panel-container\\index.js","statementMap":{},"fnMap":{},"branchMap":{},"s":{},"f":{},"b":{}}
,"C:\\Users\\Oksana\\Desktop\\New folder (2)\\reactjs\\HW-react-movies-app\\client\\src\\containers\\sorting-container\\SortingContainer.js": {"path":"C:\\Users\\Oksana\\Desktop\\New folder (2)\\reactjs\\HW-react-movies-app\\client\\src\\containers\\sorting-container\\SortingContainer.js","statementMap":{"0":{"start":{"line":8,"column":25},"end":{"line":36,"column":1}},"1":{"start":{"line":9,"column":19},"end":{"line":9,"column":32}},"2":{"start":{"line":10,"column":18},"end":{"line":10,"column":30}},"3":{"start":{"line":11,"column":20},"end":{"line":14,"column":3}},"4":{"start":{"line":12,"column":16},"end":{"line":12,"column":48}},"5":{"start":{"line":16,"column":20},"end":{"line":22,"column":3}},"6":{"start":{"line":17,"column":22},"end":{"line":17,"column":65}},"7":{"start":{"line":18,"column":4},"end":{"line":18,"column":36}},"8":{"start":{"line":19,"column":4},"end":{"line":19,"column":42}},"9":{"start":{"line":21,"column":4},"end":{"line":21,"column":32}},"10":{"start":{"line":24,"column":23},"end":{"line":33,"column":3}},"11":{"start":{"line":25,"column":4},"end":{"line":25,"column":23}},"12":{"start":{"line":25,"column":16},"end":{"line":25,"column":23}},"13":{"start":{"line":27,"column":23},"end":{"line":27,"column":39}},"14":{"start":{"line":28,"column":32},"end":{"line":28,"column":42}},"15":{"start":{"line":29,"column":16},"end":{"line":29,"column":44}},"16":{"start":{"line":31,"column":4},"end":{"line":31,"column":28}},"17":{"start":{"line":32,"column":4},"end":{"line":32,"column":37}},"18":{"start":{"line":35,"column":2},"end":{"line":35,"column":49}}},"fnMap":{"0":{"name":"(anonymous_0)","decl":{"start":{"line":8,"column":25},"end":{"line":8,"column":26}},"loc":{"start":{"line":8,"column":31},"end":{"line":36,"column":1}},"line":8},"1":{"name":"(anonymous_1)","decl":{"start":{"line":12,"column":4},"end":{"line":12,"column":5}},"loc":{"start":{"line":12,"column":16},"end":{"line":12,"column":48}},"line":12},"2":{"name":"(anonymous_2)","decl":{"start":{"line":16,"column":20},"end":{"line":16,"column":21}},"loc":{"start":{"line":16,"column":43},"end":{"line":22,"column":3}},"line":16},"3":{"name":"(anonymous_3)","decl":{"start":{"line":24,"column":23},"end":{"line":24,"column":24}},"loc":{"start":{"line":24,"column":34},"end":{"line":33,"column":3}},"line":24}},"branchMap":{"0":{"loc":{"start":{"line":25,"column":4},"end":{"line":25,"column":23}},"type":"if","locations":[{"start":{"line":25,"column":4},"end":{"line":25,"column":23}},{"start":{"line":25,"column":4},"end":{"line":25,"column":23}}],"line":25}},"s":{"0":0,"1":0,"2":0,"3":0,"4":0,"5":0,"6":0,"7":0,"8":0,"9":0,"10":0,"11":0,"12":0,"13":0,"14":0,"15":0,"16":0,"17":0,"18":0},"f":{"0":0,"1":0,"2":0,"3":0},"b":{"0":[0,0]}}
,"C:\\Users\\Oksana\\Desktop\\New folder (2)\\reactjs\\HW-react-movies-app\\client\\src\\containers\\sorting-container\\index.js": {"path":"C:\\Users\\Oksana\\Desktop\\New folder (2)\\reactjs\\HW-react-movies-app\\client\\src\\containers\\sorting-container\\index.js","statementMap":{},"fnMap":{},"branchMap":{},"s":{},"f":{},"b":{}}
,"C:\\Users\\Oksana\\Desktop\\New folder (2)\\reactjs\\HW-react-movies-app\\client\\src\\layout\\Content.js": {"path":"C:\\Users\\Oksana\\Desktop\\New folder (2)\\reactjs\\HW-react-movies-app\\client\\src\\layout\\Content.js","statementMap":{"0":{"start":{"line":7,"column":16},"end":{"line":19,"column":1}},"1":{"start":{"line":8,"column":2},"end":{"line":18,"column":4}}},"fnMap":{"0":{"name":"(anonymous_0)","decl":{"start":{"line":7,"column":16},"end":{"line":7,"column":17}},"loc":{"start":{"line":7,"column":22},"end":{"line":19,"column":1}},"line":7}},"branchMap":{},"s":{"0":0,"1":0},"f":{"0":0},"b":{}}
,"C:\\Users\\Oksana\\Desktop\\New folder (2)\\reactjs\\HW-react-movies-app\\client\\src\\layout\\Footer.js": {"path":"C:\\Users\\Oksana\\Desktop\\New folder (2)\\reactjs\\HW-react-movies-app\\client\\src\\layout\\Footer.js","statementMap":{"0":{"start":{"line":4,"column":15},"end":{"line":10,"column":1}},"1":{"start":{"line":5,"column":2},"end":{"line":9,"column":4}}},"fnMap":{"0":{"name":"(anonymous_0)","decl":{"start":{"line":4,"column":15},"end":{"line":4,"column":16}},"loc":{"start":{"line":4,"column":21},"end":{"line":10,"column":1}},"line":4}},"branchMap":{},"s":{"0":0,"1":0},"f":{"0":0},"b":{}}
,"C:\\Users\\Oksana\\Desktop\\New folder (2)\\reactjs\\HW-react-movies-app\\client\\src\\layout\\Layout.js": {"path":"C:\\Users\\Oksana\\Desktop\\New folder (2)\\reactjs\\HW-react-movies-app\\client\\src\\layout\\Layout.js","statementMap":{"0":{"start":{"line":7,"column":15},"end":{"line":15,"column":1}},"1":{"start":{"line":8,"column":2},"end":{"line":14,"column":4}},"2":{"start":{"line":17,"column":0},"end":{"line":19,"column":2}}},"fnMap":{"0":{"name":"(anonymous_0)","decl":{"start":{"line":7,"column":15},"end":{"line":7,"column":16}},"loc":{"start":{"line":7,"column":33},"end":{"line":15,"column":1}},"line":7}},"branchMap":{},"s":{"0":0,"1":0,"2":0},"f":{"0":0},"b":{}}
,"C:\\Users\\Oksana\\Desktop\\New folder (2)\\reactjs\\HW-react-movies-app\\client\\src\\layout\\index.js": {"path":"C:\\Users\\Oksana\\Desktop\\New folder (2)\\reactjs\\HW-react-movies-app\\client\\src\\layout\\index.js","statementMap":{},"fnMap":{},"branchMap":{},"s":{},"f":{},"b":{}}
,"C:\\Users\\Oksana\\Desktop\\New folder (2)\\reactjs\\HW-react-movies-app\\client\\src\\reducers\\index.js": {"path":"C:\\Users\\Oksana\\Desktop\\New folder (2)\\reactjs\\HW-react-movies-app\\client\\src\\reducers\\index.js","statementMap":{},"fnMap":{},"branchMap":{},"s":{},"f":{},"b":{}}
,"C:\\Users\\Oksana\\Desktop\\New folder (2)\\reactjs\\HW-react-movies-app\\client\\src\\reducers\\movie.js": {"path":"C:\\Users\\Oksana\\Desktop\\New folder (2)\\reactjs\\HW-react-movies-app\\client\\src\\reducers\\movie.js","statementMap":{"0":{"start":{"line":1,"column":14},"end":{"line":52,"column":1}},"1":{"start":{"line":2,"column":2},"end":{"line":13,"column":3}},"2":{"start":{"line":3,"column":4},"end":{"line":12,"column":6}},"3":{"start":{"line":15,"column":2},"end":{"line":51,"column":3}},"4":{"start":{"line":17,"column":6},"end":{"line":21,"column":8}},"5":{"start":{"line":24,"column":6},"end":{"line":28,"column":8}},"6":{"start":{"line":31,"column":6},"end":{"line":35,"column":8}},"7":{"start":{"line":38,"column":6},"end":{"line":41,"column":8}},"8":{"start":{"line":44,"column":6},"end":{"line":47,"column":8}},"9":{"start":{"line":50,"column":6},"end":{"line":50,"column":19}}},"fnMap":{"0":{"name":"(anonymous_0)","decl":{"start":{"line":1,"column":14},"end":{"line":1,"column":15}},"loc":{"start":{"line":1,"column":33},"end":{"line":52,"column":1}},"line":1}},"branchMap":{"0":{"loc":{"start":{"line":2,"column":2},"end":{"line":13,"column":3}},"type":"if","locations":[{"start":{"line":2,"column":2},"end":{"line":13,"column":3}},{"start":{"line":2,"column":2},"end":{"line":13,"column":3}}],"line":2},"1":{"loc":{"start":{"line":15,"column":2},"end":{"line":51,"column":3}},"type":"switch","locations":[{"start":{"line":16,"column":4},"end":{"line":21,"column":8}},{"start":{"line":23,"column":4},"end":{"line":28,"column":8}},{"start":{"line":30,"column":4},"end":{"line":35,"column":8}},{"start":{"line":37,"column":4},"end":{"line":41,"column":8}},{"start":{"line":43,"column":4},"end":{"line":47,"column":8}},{"start":{"line":49,"column":4},"end":{"line":50,"column":19}}],"line":15},"2":{"loc":{"start":{"line":33,"column":25},"end":{"line":33,"column":64}},"type":"binary-expr","locations":[{"start":{"line":33,"column":25},"end":{"line":33,"column":39}},{"start":{"line":33,"column":43},"end":{"line":33,"column":64}}],"line":33}},"s":{"0":0,"1":0,"2":0,"3":0,"4":0,"5":0,"6":0,"7":0,"8":0,"9":0},"f":{"0":0},"b":{"0":[0,0],"1":[0,0,0,0,0,0],"2":[0,0]}}
,"C:\\Users\\Oksana\\Desktop\\New folder (2)\\reactjs\\HW-react-movies-app\\client\\src\\reducers\\movieList.js": {"path":"C:\\Users\\Oksana\\Desktop\\New folder (2)\\reactjs\\HW-react-movies-app\\client\\src\\reducers\\movieList.js","statementMap":{"0":{"start":{"line":1,"column":18},"end":{"line":63,"column":1}},"1":{"start":{"line":2,"column":2},"end":{"line":9,"column":3}},"2":{"start":{"line":3,"column":4},"end":{"line":8,"column":6}},"3":{"start":{"line":11,"column":2},"end":{"line":62,"column":3}},"4":{"start":{"line":13,"column":6},"end":{"line":16,"column":8}},"5":{"start":{"line":19,"column":6},"end":{"line":22,"column":8}},"6":{"start":{"line":25,"column":6},"end":{"line":30,"column":8}},"7":{"start":{"line":28,"column":10},"end":{"line":28,"column":44}},"8":{"start":{"line":33,"column":6},"end":{"line":36,"column":8}},"9":{"start":{"line":39,"column":6},"end":{"line":42,"column":8}},"10":{"start":{"line":45,"column":27},"end":{"line":45,"column":41}},"11":{"start":{"line":47,"column":6},"end":{"line":52,"column":8}},"12":{"start":{"line":50,"column":10},"end":{"line":50,"column":67}},"13":{"start":{"line":55,"column":6},"end":{"line":58,"column":8}},"14":{"start":{"line":61,"column":6},"end":{"line":61,"column":19}}},"fnMap":{"0":{"name":"(anonymous_0)","decl":{"start":{"line":1,"column":18},"end":{"line":1,"column":19}},"loc":{"start":{"line":1,"column":37},"end":{"line":63,"column":1}},"line":1},"1":{"name":"(anonymous_1)","decl":{"start":{"line":27,"column":36},"end":{"line":27,"column":37}},"loc":{"start":{"line":27,"column":46},"end":{"line":29,"column":9}},"line":27},"2":{"name":"(anonymous_2)","decl":{"start":{"line":49,"column":33},"end":{"line":49,"column":34}},"loc":{"start":{"line":49,"column":43},"end":{"line":51,"column":9}},"line":49}},"branchMap":{"0":{"loc":{"start":{"line":2,"column":2},"end":{"line":9,"column":3}},"type":"if","locations":[{"start":{"line":2,"column":2},"end":{"line":9,"column":3}},{"start":{"line":2,"column":2},"end":{"line":9,"column":3}}],"line":2},"1":{"loc":{"start":{"line":11,"column":2},"end":{"line":62,"column":3}},"type":"switch","locations":[{"start":{"line":12,"column":4},"end":{"line":16,"column":8}},{"start":{"line":18,"column":4},"end":{"line":22,"column":8}},{"start":{"line":24,"column":4},"end":{"line":30,"column":8}},{"start":{"line":32,"column":4},"end":{"line":36,"column":8}},{"start":{"line":38,"column":4},"end":{"line":42,"column":8}},{"start":{"line":44,"column":4},"end":{"line":52,"column":8}},{"start":{"line":54,"column":4},"end":{"line":58,"column":8}},{"start":{"line":60,"column":4},"end":{"line":61,"column":19}}],"line":11},"2":{"loc":{"start":{"line":50,"column":17},"end":{"line":50,"column":66}},"type":"cond-expr","locations":[{"start":{"line":50,"column":47},"end":{"line":50,"column":59}},{"start":{"line":50,"column":62},"end":{"line":50,"column":66}}],"line":50}},"s":{"0":1,"1":7,"2":1,"3":6,"4":1,"5":1,"6":1,"7":0,"8":1,"9":1,"10":0,"11":0,"12":0,"13":1,"14":0},"f":{"0":7,"1":0,"2":0},"b":{"0":[1,6],"1":[1,1,1,1,1,0,1,0],"2":[0,0]},"_coverageSchema":"1a1c01bbd47fc00a2c39e90264f33305004495a9","hash":"80de27cd714f9a5007e6ff800fa7319aa3b2d352"}
,"C:\\Users\\Oksana\\Desktop\\New folder (2)\\reactjs\\HW-react-movies-app\\client\\src\\services\\MoviesService.js": {"path":"C:\\Users\\Oksana\\Desktop\\New folder (2)\\reactjs\\HW-react-movies-app\\client\\src\\services\\MoviesService.js","statementMap":{"0":{"start":{"line":1,"column":19},"end":{"line":7,"column":1}},"1":{"start":{"line":2,"column":18},"end":{"line":4,"column":18}},"2":{"start":{"line":6,"column":2},"end":{"line":6,"column":17}},"3":{"start":{"line":9,"column":19},"end":{"line":16,"column":1}},"4":{"start":{"line":10,"column":14},"end":{"line":10,"column":50}},"5":{"start":{"line":12,"column":2},"end":{"line":14,"column":3}},"6":{"start":{"line":13,"column":4},"end":{"line":13,"column":63}},"7":{"start":{"line":15,"column":2},"end":{"line":15,"column":26}},"8":{"start":{"line":18,"column":17},"end":{"line":31,"column":1}},"9":{"start":{"line":19,"column":14},"end":{"line":25,"column":4}},"10":{"start":{"line":27,"column":2},"end":{"line":29,"column":3}},"11":{"start":{"line":28,"column":4},"end":{"line":28,"column":69}},"12":{"start":{"line":30,"column":2},"end":{"line":30,"column":26}},"13":{"start":{"line":33,"column":20},"end":{"line":46,"column":1}},"14":{"start":{"line":34,"column":14},"end":{"line":40,"column":4}},"15":{"start":{"line":42,"column":2},"end":{"line":44,"column":3}},"16":{"start":{"line":43,"column":4},"end":{"line":43,"column":70}},"17":{"start":{"line":45,"column":2},"end":{"line":45,"column":26}},"18":{"start":{"line":48,"column":20},"end":{"line":56,"column":1}},"19":{"start":{"line":49,"column":14},"end":{"line":51,"column":4}},"20":{"start":{"line":53,"column":2},"end":{"line":55,"column":3}},"21":{"start":{"line":54,"column":4},"end":{"line":54,"column":70}},"22":{"start":{"line":58,"column":15},"end":{"line":68,"column":1}},"23":{"start":{"line":59,"column":14},"end":{"line":61,"column":4}},"24":{"start":{"line":63,"column":2},"end":{"line":65,"column":3}},"25":{"start":{"line":64,"column":4},"end":{"line":64,"column":68}},"26":{"start":{"line":67,"column":2},"end":{"line":67,"column":26}},"27":{"start":{"line":70,"column":15},"end":{"line":80,"column":1}},"28":{"start":{"line":71,"column":14},"end":{"line":73,"column":4}},"29":{"start":{"line":75,"column":2},"end":{"line":77,"column":3}},"30":{"start":{"line":76,"column":4},"end":{"line":76,"column":70}},"31":{"start":{"line":79,"column":2},"end":{"line":79,"column":26}},"32":{"start":{"line":82,"column":15},"end":{"line":92,"column":1}},"33":{"start":{"line":83,"column":14},"end":{"line":85,"column":4}},"34":{"start":{"line":87,"column":2},"end":{"line":89,"column":3}},"35":{"start":{"line":88,"column":4},"end":{"line":88,"column":70}},"36":{"start":{"line":91,"column":2},"end":{"line":91,"column":26}},"37":{"start":{"line":94,"column":21},"end":{"line":102,"column":1}}},"fnMap":{"0":{"name":"(anonymous_0)","decl":{"start":{"line":1,"column":19},"end":{"line":1,"column":20}},"loc":{"start":{"line":1,"column":30},"end":{"line":7,"column":1}},"line":1},"1":{"name":"(anonymous_1)","decl":{"start":{"line":9,"column":19},"end":{"line":9,"column":20}},"loc":{"start":{"line":9,"column":33},"end":{"line":16,"column":1}},"line":9},"2":{"name":"(anonymous_2)","decl":{"start":{"line":18,"column":17},"end":{"line":18,"column":18}},"loc":{"start":{"line":18,"column":33},"end":{"line":31,"column":1}},"line":18},"3":{"name":"(anonymous_3)","decl":{"start":{"line":33,"column":20},"end":{"line":33,"column":21}},"loc":{"start":{"line":33,"column":36},"end":{"line":46,"column":1}},"line":33},"4":{"name":"(anonymous_4)","decl":{"start":{"line":48,"column":20},"end":{"line":48,"column":21}},"loc":{"start":{"line":48,"column":34},"end":{"line":56,"column":1}},"line":48},"5":{"name":"(anonymous_5)","decl":{"start":{"line":58,"column":15},"end":{"line":58,"column":16}},"loc":{"start":{"line":58,"column":46},"end":{"line":68,"column":1}},"line":58},"6":{"name":"(anonymous_6)","decl":{"start":{"line":70,"column":15},"end":{"line":70,"column":16}},"loc":{"start":{"line":70,"column":46},"end":{"line":80,"column":1}},"line":70},"7":{"name":"(anonymous_7)","decl":{"start":{"line":82,"column":15},"end":{"line":82,"column":16}},"loc":{"start":{"line":82,"column":32},"end":{"line":92,"column":1}},"line":82}},"branchMap":{"0":{"loc":{"start":{"line":2,"column":18},"end":{"line":4,"column":18}},"type":"cond-expr","locations":[{"start":{"line":3,"column":6},"end":{"line":3,"column":49}},{"start":{"line":4,"column":6},"end":{"line":4,"column":18}}],"line":2},"1":{"loc":{"start":{"line":12,"column":2},"end":{"line":14,"column":3}},"type":"if","locations":[{"start":{"line":12,"column":2},"end":{"line":14,"column":3}},{"start":{"line":12,"column":2},"end":{"line":14,"column":3}}],"line":12},"2":{"loc":{"start":{"line":27,"column":2},"end":{"line":29,"column":3}},"type":"if","locations":[{"start":{"line":27,"column":2},"end":{"line":29,"column":3}},{"start":{"line":27,"column":2},"end":{"line":29,"column":3}}],"line":27},"3":{"loc":{"start":{"line":42,"column":2},"end":{"line":44,"column":3}},"type":"if","locations":[{"start":{"line":42,"column":2},"end":{"line":44,"column":3}},{"start":{"line":42,"column":2},"end":{"line":44,"column":3}}],"line":42},"4":{"loc":{"start":{"line":53,"column":2},"end":{"line":55,"column":3}},"type":"if","locations":[{"start":{"line":53,"column":2},"end":{"line":55,"column":3}},{"start":{"line":53,"column":2},"end":{"line":55,"column":3}}],"line":53},"5":{"loc":{"start":{"line":63,"column":2},"end":{"line":65,"column":3}},"type":"if","locations":[{"start":{"line":63,"column":2},"end":{"line":65,"column":3}},{"start":{"line":63,"column":2},"end":{"line":65,"column":3}}],"line":63},"6":{"loc":{"start":{"line":75,"column":2},"end":{"line":77,"column":3}},"type":"if","locations":[{"start":{"line":75,"column":2},"end":{"line":77,"column":3}},{"start":{"line":75,"column":2},"end":{"line":77,"column":3}}],"line":75},"7":{"loc":{"start":{"line":87,"column":2},"end":{"line":89,"column":3}},"type":"if","locations":[{"start":{"line":87,"column":2},"end":{"line":89,"column":3}},{"start":{"line":87,"column":2},"end":{"line":89,"column":3}}],"line":87}},"s":{"0":2,"1":0,"2":0,"3":2,"4":0,"5":0,"6":0,"7":0,"8":2,"9":1,"10":0,"11":0,"12":0,"13":2,"14":0,"15":0,"16":0,"17":0,"18":2,"19":0,"20":0,"21":0,"22":2,"23":0,"24":0,"25":0,"26":0,"27":2,"28":0,"29":0,"30":0,"31":0,"32":2,"33":0,"34":0,"35":0,"36":0,"37":2},"f":{"0":0,"1":0,"2":1,"3":0,"4":0,"5":0,"6":0,"7":0},"b":{"0":[0,0],"1":[0,0],"2":[0,0],"3":[0,0],"4":[0,0],"5":[0,0],"6":[0,0],"7":[0,0]},"_coverageSchema":"1a1c01bbd47fc00a2c39e90264f33305004495a9","hash":"7d6524c5acbac68b7499811623550af25245e4e7"}
,"C:\\Users\\Oksana\\Desktop\\New folder (2)\\reactjs\\HW-react-movies-app\\client\\src\\test-utils\\store-mock.js": {"path":"C:\\Users\\Oksana\\Desktop\\New folder (2)\\reactjs\\HW-react-movies-app\\client\\src\\test-utils\\store-mock.js","statementMap":{"0":{"start":{"line":6,"column":0},"end":{"line":6,"column":45}},"1":{"start":{"line":7,"column":20},"end":{"line":7,"column":27}},"2":{"start":{"line":9,"column":18},"end":{"line":9,"column":49}},"3":{"start":{"line":10,"column":21},"end":{"line":10,"column":23}},"4":{"start":{"line":11,"column":14},"end":{"line":11,"column":37}}},"fnMap":{},"branchMap":{},"s":{"0":1,"1":1,"2":1,"3":1,"4":1},"f":{},"b":{},"_coverageSchema":"1a1c01bbd47fc00a2c39e90264f33305004495a9","hash":"77232147b7b6e6fecc3ab241abca37e3cdd22de9"}
,"C:\\Users\\Oksana\\Desktop\\New folder (2)\\reactjs\\HW-react-movies-app\\client\\src\\utils\\form-validation.js": {"path":"C:\\Users\\Oksana\\Desktop\\New folder (2)\\reactjs\\HW-react-movies-app\\client\\src\\utils\\form-validation.js","statementMap":{"0":{"start":{"line":3,"column":28},"end":{"line":15,"column":2}}},"fnMap":{},"branchMap":{},"s":{"0":2},"f":{},"b":{},"_coverageSchema":"1a1c01bbd47fc00a2c39e90264f33305004495a9","hash":"b5193d520a3aebb8462e723bda70e9c0ffb003a2"}
}
